0.0011556267272680998
0.0001522667589597404
0.0005399364745244384
7.960412767715752e-05
0.00025788223138079047
0.000895404489710927
0.00039824421401135623
0.006178588140755892
0.0002448399318382144
0.00017609244969207793
0.0010078076738864183
0.0006570108816958964
0.00019134279864374548
0.0004758313880302012
0.007108625024557114
0.00020971725462004542
8.31877623568289e-05
0.0002390963927609846
0.0021109238732606173
0.0002371692389715463
0.0013979191426187754
0.0010805180063471198
0.003944902680814266
5.903939745621756e-05
0.0009028048953041434
0.0016816533170640469
3.590136839193292e-05
0.00019223576236981899
0.002811592537909746
4.985686973668635e-05
0.0009982488118112087
0.00010635804937919602
0.020304633304476738
0.0011633154936134815
0.00939863920211792
0.0006487713544629514
0.00046010519145056605
0.0009719154331833124
0.00033688967232592404
0.003627747530117631
0.00047384685603901744
0.0006815785891376436
0.0018564765341579914
0.0015411092899739742
0.0007797475554980338
0.0003465759218670428
0.0001804261701181531
0.000841616012621671
0.00038507228600792587
0.0011013441253453493
0.00015836855163797736
0.000248633703449741
0.00034700805554166436
0.00013818936713505536
0.00012289035657886416
3.6165514757158235e-05
2.7554866392165422e-05
0.0001689986966084689
0.00014168805500958115
0.0005897085648030043
0.00015900481957942247
0.00010334012767998502
0.000264347210759297
0.0002441513352096081
0.0017957926029339433
0.0009818858234211802
0.00011650734086288139
9.793210483621806e-05
0.0020093386992812157
0.0005862966645509005
0.004039420280605555
0.0005765534588135779
0.0009556331788189709
0.0017027719877660275
0.0008167509804479778
0.0006949323578737676
0.0008513314533047378
0.0003465527843218297
0.0005745824309997261
0.0007966137491166592
0.0006961360923014581
3.1064239010447636e-05
2.62927460425999e-05
3.800320337177254e-05
0.0001427098613930866
0.00017228777869604528
0.0006085832719691098
7.680192356929183e-05
0.0001425182563252747
0.0007410745602101088
0.00018657429609447718
0.0006873204256407917
0.0003380507987458259
0.00011527988681336865
0.00018666077812667936
0.0011148953344672918
7.488463597837836e-05
9.107095684157684e-05
0.00010546093835728243
6.311973265837878e-05
0.00012119318125769496
3.537126031005755e-05
0.00016818784934002906
0.00012393819633871317
0.0004059513157699257
0.0005193905089981854
0.0003955069405492395
0.0003299941308796406
0.0004434445290826261
0.00048021989641711116
9.306726860813797e-05
7.240035483846441e-05
0.0001796238502720371
2.583097193564754e-05
5.1845807320205495e-05
0.00011161806469317526
6.016624320182018e-05
4.181664189673029e-05
0.0005070270271971822
0.00013384612975642085
0.00019093601440545171
8.839171641739085e-05
5.557625263463706e-05
0.0003135291626676917
6.714229675708339e-05
9.227055124938488e-05
0.00013455518637783825
4.460239870240912e-05
2.4977709472295828e-05
0.00036834372440353036
6.714229675708339e-05
8.307542884722352e-05
0.00019733003864530474
3.7694204365834594e-05
6.093448610045016e-05
0.000635592092294246
6.826990284025669e-05
5.352362495614216e-05
3.9845253922976553e-05
8.495674410369247e-05
2.8389160434016958e-05
0.00017576081154402345
3.524492422002368e-05
8.430369780398905e-05
3.0274304663180374e-05
8.222377073252574e-05
0.0002469393366482109
2.5626684873714112e-05
0.0001228496985277161
3.394208033569157e-05
0.00037491711555048823
0.00011822746455436572
0.00028394939727149904
0.0013575771590694785
0.00013456211308948696
5.495773075381294e-05
0.0009274379699490964
0.00020044323173351586
8.65749825607054e-05
0.0003560945624485612
0.0002781094517558813
0.0002702940546441823
0.00015557951701339334
0.00016894825967028737
0.001083425129763782
0.00014055259816814214
4.5506967580877244e-05
0.00018133196863345802
5.617526767309755e-05
0.00017425914120394737
0.0003550501714926213
0.0006661358056589961
0.0004994112532585859
0.0001988776057260111
0.0006890383665449917
0.00045509246410802007
0.0003344038559589535
0.00010894728620769456
0.0009658350027166307
0.0008738467004150152
0.0003141541965305805
0.00011608349450398237
0.00018454334349371493
0.00038822763599455357
0.0009515346609987319
0.00026353212888352573
0.0001488231646362692
0.00016094109741970897
0.0002673632407095283
0.000982488039880991
0.00011657190043479204
0.00035299459705129266
0.00024305435363203287
0.0001161626641987823
0.00011177655687788501
0.000505104020703584
0.00026753178099170327
0.00012691300071310252
0.00021880857821088284
0.00014036885113455355
0.0017018553335219622
0.00024518356076441705
0.00019358753343112767
0.00013559717626776546
5.721562774851918e-05
5.1255843573017046e-05
4.938754500471987e-05
5.760659041698091e-05
0.00039869017200544477
2.5527751859044656e-05
0.000677219417411834
7.589542656205595e-05
5.5577158491360024e-05
3.089442543569021e-05
6.186874816194177e-05
1.888029873953201e-05
0.0005973735242150724
4.590473690768704e-05
5.975956446491182e-05
0.0001642465213080868
4.097882265341468e-05
0.00045193941332399845
5.518649413716048e-05
7.332396489800885e-05
0.00013177016808185726
4.3153373553650454e-05
0.00033840935793705285
4.474319939617999e-05
5.1330585847608745e-05
0.00011013398034265265
0.000270627235295251
0.0006723540718667209
0.0024360152892768383
0.0009012303198687732
0.00021880940767005086
0.0001356489083264023
0.001986949471756816
0.0012698137434199452
4.757450369652361e-05
0.00021792599000036716
0.0010233300272375345
0.0008695058058947325
0.0017945964355021715
0.00042644538916647434
8.758514013607055e-05
3.494455086183734e-05
3.478903818177059e-05
5.812352173961699e-05
0.0006487713544629514
0.00034500545007176697
0.00016280810814350843
0.0018166251247748733
0.0004061673243995756
0.0008278909372165799
5.5792323109926656e-05
0.0003847205953206867
0.00018029169586952776
0.0001619409304112196
6.704856059513986e-05
0.00013574038166552782
9.884234168566763e-05
0.00012705381959676743
0.00023381681239698082
0.0009428486810065806
6.552466220455244e-05
2.984329876198899e-05
3.7316407542675734e-05
0.0007236134842969477
0.0009620663477107882
0.0021544459741562605
0.00011368597188265994
0.0031166686676442623
8.428006549365819e-05
7.405265205306932e-05
0.0004679342673625797
8.130101923597977e-05
0.00015906698536127806
0.00014533639478031546
6.0750269767595455e-05
0.001081701833754778
7.358334551099688e-05
7.383412594208494e-05
0.00012330542085692286
0.0014663801994174719
0.0006781161646358669
0.00035284756449982524
0.0005841185920871794
7.074901805026457e-05
3.777899109991267e-05
3.716529317898676e-05
0.0015237006591632962
0.0013253777287900448
3.883085082634352e-05
4.6005661715753376e-05
0.000999695505015552
0.0006524473428726196
0.00015052563685458153
5.0137365178670734e-05
0.0001995418278966099
7.733997335890308e-05
8.33220110507682e-05
7.35297508072108e-05
0.00015648514090571553
7.859205652493984e-05
1.890121347969398e-05
0.0010705486638471484
0.00010692334035411477
0.0006885627517476678
6.871967343613505e-05
7.874006405472755e-05
0.003790948074311018
0.00183187797665596
0.00032634244416840374
0.002358292695134878
0.0005308325053192675
0.0002563165908213705
0.000222503105760552
0.00020963688439223915
0.00011556088429642841
0.00015446761972270906
0.00012885504111181945
0.000272301520453766
0.0005229617818258703
0.00011935135262319818
0.0004750007065013051
0.0009680931107141078
0.001617454458028078
0.0005256730364635587
0.000934264506213367
8.643417822895572e-05
4.0101647755363956e-05
0.00018218238255940378
0.00013156865315977484
6.208215927472338e-05
0.0008513753418810666
5.85900925216265e-05
0.000156131005496718
4.938175334245898e-05
0.0005612350651063025
0.00011863798135891557
8.723539212951437e-05
0.00014390416617970914
0.000417440285673365
0.00015976103895809501
0.00018935560365207493
0.0008385849068872631
0.0002159766008844599
0.0004681781283579767
0.001015837537124753
0.00011081809498136863
0.00019898686150554568
0.00026958066155202687
0.0007128837169148028
0.007417994551360607
0.002405435312539339
0.0002565283211879432
0.0007476541795767844
0.00033546556369401515
0.0010367018403485417
0.0028153089806437492
0.0009151725098490715
0.0012048262869939208
0.0011949980398640037
0.0006702188984490931
0.00010943780216621235
0.00029396332683973014
0.0004550735466182232
0.002146574202924967
0.00033046858152374625
0.00019238372624386102
4.6578265028074384e-05
0.00032637041294947267
0.0006568353273905814
0.0006068866932764649
0.0002913964563049376
0.0022208653390407562
0.000236008403589949
0.000924936612136662
0.026218697428703308
0.0010424196952953935
0.003813971998170018
0.00016678567044436932
0.00029190946952439845
6.192204455146566e-05
0.00015977521252352744
4.086136323167011e-05
4.9052130634663627e-05
0.000270627235295251
0.00038232619408518076
4.882969369646162e-05
0.00027405147557146847
0.0010917582549154758
5.468483504955657e-05
0.0001127855503000319
0.007928833365440369
0.00011416363850003108
0.0006278668879531324
0.0006597956526093185
0.00014143683074507862
0.00012191750283818692
2.9155169613659382e-05
0.0008421903476119041
0.0004088446730747819
0.002241916488856077
0.004950343631207943
0.00023755575239192694
0.0013478485634550452
0.000593664008192718
0.016604317352175713
0.00035285361809656024
5.672072438756004e-05
0.00029376664315350354
0.0026598144322633743
0.0002572599332779646
0.0001082670787582174
0.0007880338234826922
0.0015253991587087512
0.00011181876470800489
0.0003533264098223299
0.0002678761084098369
0.0001525643892819062
8.32927689771168e-05
0.0005330779240466654
0.0002335538883926347
0.00026187929324805737
0.00021314223704393953
0.0010501291835680604
0.001729280105791986
6.160787597764283e-05
0.00011670758976833895
0.00012903135211672634
0.010164733976125717
0.0038375097792595625
0.0015982601325958967
0.000513281614985317
0.005663217976689339
0.001502673956565559
0.0009114006534218788
0.00044717342825606465
0.016835929825901985
0.00015701708616688848
0.00043748115422204137
0.00010604877024888992
0.0026569459587335587
0.00026859267381951213
0.009687808342278004
0.001762737869285047
0.0010266447206959128
0.002257141750305891
0.002022506669163704
0.0013837709557265043
0.0001178302918560803
0.0001726946939015761
0.00015249864372890443
3.2742274925112724e-05
0.00012723033432848752
0.00103443069383502
6.339100218610838e-05
0.0017817654879763722
0.00024388213932979852
0.0005092552746646106
0.0003450294607318938
0.00010350185766583309
8.146850450430065e-05
5.84554836677853e-05
0.000680578057654202
0.0005544468876905739
0.0017716450383886695
0.00016429554671049118
0.0001396809529978782
3.922233372577466e-05
7.727392949163914e-05
0.0008308315300382674
0.00018313365580979735
0.004645916633307934
0.005325032863765955
0.00044680232531391084
0.0002096920507028699
0.000363907718565315
0.0008479510433971882
0.0013426673831418157
7.013959839241579e-05
4.2734020098578185e-05
0.00024050021602306515
5.066776066087186e-05
0.0004365449131000787
8.65749825607054e-05
9.147838136414066e-05
0.0012662406079471111
0.0006747487932443619
2.1962032406008802e-05
0.0007607123116031289
0.0001706628972897306
9.763539128471166e-05
0.00011020689271390438
0.0007206171867437661
7.646860467502847e-05
0.0007721187430433929
0.001508789835497737
2.710166882025078e-05
0.00012341822730377316
0.00027622978086583316
0.00024234878947027028
0.000944309460464865
0.0010437642922624946
0.00015329409507103264
0.0013495576567947865
4.535779953585006e-05
0.00033573494874872267
0.0007137960055842996
0.0003378061228431761
2.647720612003468e-05
0.00031384016619995236
0.00014520603872369975
0.004324829671531916
0.00011801043001469225
4.7263118176488206e-05
8.491575863445178e-05
0.0002270782133564353
0.00011974612425547093
0.004157133866101503
0.000907057779841125
0.0007706382893957198
0.001569504151120782
0.002072287490591407
0.00017504600691609085
0.006095505319535732
0.0015409059124067426
0.00033336359774693847
0.00010166540596401319
0.002970354398712516
0.0004887934192083776
2.0548113752738573e-05
0.008601170964539051
0.0014873524196445942
0.0003484522458165884
0.020620642229914665
0.002717395778745413
0.000404258695198223
0.0002257794258184731
0.0025502052158117294
0.002706758212298155
6.189075793372467e-05
0.0004317240964155644
0.0021109941881150007
8.8158791186288e-05
0.0002560874854680151
0.0013516066828742623
0.00016317084373440593
3.3841366530396044e-05
0.0004232167557347566
0.0018719102954491973
0.0020466295536607504
0.004408359061926603
0.0007861591293476522
8.55560865602456e-05
0.00013389500963967294
0.002592103322967887
6.784312427043915e-05
0.00025790484505705535
0.0011845016852021217
0.0001538531796541065
0.0005346166435629129
0.00020310524269007146
0.0013681536074727774
0.0003874769026879221
0.00013184735144022852
0.0008688489906489849
0.001024331315420568
5.987942131469026e-05
0.0009631306165829301
0.0018159410683438182
0.00012191053974675015
0.00016470588161610067
0.0005905235302634537
0.8283896446228027
0.03331495076417923
0.00030446465825662017
7.833047857275233e-05
0.0014555043308064342
0.0001928285346366465
0.0007244566222652793
9.249298454960808e-05
4.460239870240912e-05
3.476738493191078e-05
9.899836004478857e-05
0.00020849111024290323
0.0007598461234010756
0.002047749701887369
7.960246148286387e-05
0.0002769663406070322
0.00012532161781564355
0.00017181957082357258
0.0006304840790107846
0.002550947479903698
0.0026045895647257566
0.05417964234948158
0.00016374362166970968
0.00035916385240852833
0.000584792869631201
0.004643293563276529
0.0015137086156755686
0.00015840856940485537
0.0012701977975666523
0.0010581787209957838
0.0004545539850369096
5.883599442313425e-05
0.0007318310672417283
0.0010314711835235357
0.00033527499181218445
0.004058926831930876
0.0017331261187791824
0.0001658922410570085
0.0001939999492606148
9.697335917735472e-05
6.503090116893873e-05
0.06190233305096626
0.00012366974260658026
0.0013134824112057686
0.0005319031770341098
0.0005856998614035547
0.00018537096912041306
0.0007449505501426756
0.0002818889042828232
7.004335202509537e-05
0.00021451455540955067
0.004922699648886919
5.237389268586412e-05
0.0002924526634160429
0.00012496529961936176
6.0502014093799517e-05
7.685965829296038e-05
4.496125256991945e-05
0.00010891768033616245
9.739660163177177e-05
0.004766501020640135
0.00010688878683140501
0.00021481767180375755
0.00037904709461145103
7.338104478549212e-05
0.0004583836707752198
0.0013971353182569146
0.0009012642549350858
0.008793049491941929
8.906869334168732e-05
0.0016959120985120535
0.0003266611893195659
0.0012425475288182497
0.0006150464760139585
0.004202407784759998
0.00011302897473797202
0.0001449246919946745
0.004505509044975042
3.975207800976932e-05
0.0015706262784078717
0.0004698389966506511
4.445865488378331e-05
0.007335333153605461
0.00014702955377288163
0.0001245959720108658
0.0005877471412532032
0.0007268864428624511
0.0004747456405311823
5.061854608356953e-05
8.697366138221696e-05
0.00043919539893977344
0.0012753650080412626
3.716529317898676e-05
0.0005140407592989504
0.00031852873507887125
0.0006059506558813155
0.0065564922988414764
0.018005570396780968
0.0006706892163492739
0.0031530065461993217
0.00010247891623293981
0.0001647063618293032
0.00011500693653943017
2.0587696781149134e-05
0.00024843632127158344
0.00022074457956478
0.019659098237752914
0.0005631598178297281
0.00029139284742996097
0.0006930920644663274
0.001445571193471551
0.0006726456922478974
0.00018684328824747354
0.0012461078586056828
0.00010286740871379152
0.012324056588113308
0.0008166843908838928
8.274328865809366e-05
0.00042092875810340047
0.0001371164689771831
0.014787762425839901
0.0014751378912478685
0.00012903135211672634
3.6973196984035894e-05
0.00023216272529680282
0.008371343836188316
0.01497317012399435
0.0006153829745016992
0.000261014822172001
8.583450107835233e-05
0.00021546690550167114
0.000270146963885054
6.679291254840791e-05
0.00038964379928074777
4.883043948211707e-05
0.00013377568393480033
0.00014606842887587845
0.02686113491654396
0.0021914730314165354
0.0002111828507622704
0.0009732525213621557
0.0003296196518931538
0.0015288266586139798
0.00011671727406792343
0.005000749137252569
9.656319161877036e-05
5.430945384432562e-05
0.0001648072066018358
0.002402394777163863
0.0010848374804481864
0.0001103732647607103
0.0006244286778382957
0.00023259830777533352
0.000322724663419649
3.1537230825051665e-05
0.00023159389093052596
0.001024251221679151
0.00045747790136374533
0.00026995231746695936
0.0002633871918078512
0.0004071933217346668
0.0005856951465830207
0.00015993023407645524
0.0006049087969586253
0.00013413908891379833
6.392008071998134e-05
0.000417566072428599
0.00019388899090699852
0.0026432224549353123
6.535111606353894e-05
0.0003378508845344186
7.646860467502847e-05
2.8817490601795726e-05
0.00015222160436678678
0.0003664052637759596
0.00019273790530860424
0.00041661362047307193
0.0001293497916776687
0.0001470109127694741
0.0004234864900354296
0.0010128248250111938
6.428367487387732e-05
0.0013050609268248081
0.000906545901671052
0.0001218060715473257
0.0011972117936238647
2.191916064475663e-05
0.000528862641658634
8.879824599716812e-05
9.983535710489377e-05
0.0011784043163061142
0.0026541498955339193
0.0001319278235314414
0.0003257766948081553
0.0008060963591560721
0.0003432085504755378
0.00023981671256478876
0.0001643961586523801
0.0006189920823089778
0.0004915664903819561
7.717193511780351e-05
0.00013017747551202774
0.0004780488379765302
0.0012962352484464645
0.00028040900360792875
0.001319791772402823
0.05922039598226547
0.001370093785226345
0.0002676361473277211
9.887805936159566e-05
8.455230999970809e-05
0.0010593482293188572
0.00017425481928512454
0.007393933832645416
0.005798374302685261
0.0002450942702125758
0.001850124797783792
0.00037359807174652815
0.00026141153648495674
0.00024389840837102383
0.0007375856512226164
0.004036296159029007
0.0007788824150338769
3.9124646718846634e-05
0.00024562529870308936
9.119270544033498e-05
8.706162043381482e-05
2.620715713419486e-05
0.0006760344840586185
0.0006520168972201645
4.072621959494427e-05
0.00019421501201577485
0.0009130472899414599
0.002481816103681922
0.0011332505382597446
0.00021097798889968544
0.004020938649773598
0.00044059596257284284
0.00036708213156089187
0.00042201357427984476
5.9204256103839725e-05
0.03803447261452675
0.0004919065977446735
0.0011355478782206774
0.00403953343629837
4.630085823009722e-05
0.0001502008963143453
0.00011220489250263199
0.0001957840722752735
8.097814134089276e-05
0.00905134528875351
0.00019079317280557007
2.7473788577481173e-05
0.0005816277698613703
6.98989606462419e-05
8.809282735455781e-05
0.00011435266787884757
0.00010983905667671934
4.895922393188812e-05
0.00026127599994651973
2.046107874775771e-05
0.0015103323385119438
0.0010664494475349784
0.00012159752805018798
4.458279727259651e-05
0.0004160880926065147
6.806033343309537e-05
4.216691377223469e-05
0.0002913964563049376
5.11727666889783e-05
0.0025030251126736403
0.0004254094383213669
0.000167164922459051
8.697639714227989e-05
0.00027877153479494154
0.00030189385870471597
2.480904004187323e-05
2.9693435863009654e-05
3.311501131975092e-05
4.152880501351319e-05
0.0002637093421071768
0.00013214652426540852
0.0012509813532233238
0.00021048691996838897
0.00060931162443012
7.077075133565813e-05
0.0007493449957109988
0.00014714343706145883
0.005477271508425474
0.0004832367121707648
6.142865458969027e-05
0.00022182271641213447
0.00021101540187373757
5.358399357646704e-05
4.652197821997106e-05
5.482665073941462e-05
0.008718329481780529
0.00010139703226741403
0.07043653726577759
9.597008465789258e-05
0.00022057291062083095
0.001686887233518064
0.00047751053352840245
5.2902312745573e-05
7.330033258767799e-05
0.00012362033885437995
0.003572076791897416
0.0008636950515210629
0.0014928060118108988
0.024497168138623238
0.001443331828340888
0.00010369667870691046
0.00017783329531084746
0.002382997889071703
0.1185290738940239
0.00020719089661724865
4.890444324701093e-05
0.0026693930849432945
0.001972658559679985
0.007658539805561304
0.0037919364403933287
0.00041815938311629
0.0015397171955555677
0.0015809715259820223
0.0012809584150090814
0.0015293748583644629
9.929513180395588e-05
7.032122812233865e-05
0.002255125902593136
0.004703925456851721
0.00010352199024055153
0.00015645261737518013
0.0009417457040399313
3.272391768405214e-05
0.0010331759694963694
0.0009128537494689226
0.0005768585251644254
0.00013840748579241335
0.001017073169350624
0.0012370569165796041
0.0005248141824267805
0.010562083683907986
0.0011741577181965113
4.695910320151597e-05
1.2280113878659904e-05
0.0001618194510228932
0.01065004337579012
0.0038646189495921135
0.0003536939329933375
0.0001558225485496223
0.0006084049236960709
0.00025821191957220435
0.0032802284695208073
0.019030064344406128
4.2763575038407e-05
8.981164137367159e-05
0.003915684763342142
0.00014099449617788196
9.785070869838819e-05
0.00013700577255804092
0.00021547492360696197
0.0001790493115549907
6.322509580058977e-05
6.0908460000064224e-05
0.0017427155980840325
0.0002124477323377505
0.0008767394465394318
0.0009770403848960996
6.914635741850361e-05
0.00030644607613794506
0.0007614909554831684
0.5997246503829956
0.0005370234721340239
0.005805520340800285
0.0012600577902048826
0.00010049182310467586
0.0004946485278196633
0.00011548322072485462
0.0034263248089700937
9.510706877335906e-05
0.000809723453130573
0.005066859070211649
0.0007617406081408262
0.0025332681834697723
0.0002505187876522541
0.00029570524930022657
0.0007277229451574385
0.0008544335141777992
0.0001749026996549219
0.0006600655033253133
0.0005644775228574872
0.0029593247454613447
0.00016969173157121986
0.00012014473031740636
0.00010836695582838729
0.0016059735789895058
4.634092329069972e-05
0.00013287267938721925
0.00010049182310467586
0.07916488498449326
0.00024908239720389247
0.0015489364741370082
0.0004596326616592705
0.028643067926168442
0.0006980031612329185
0.0004697379772551358
0.0008929711184464395
0.00033205741783604026
0.000119233169243671
6.342249980662018e-05
0.0002974858507514
7.378247391898185e-05
0.00038847659016028047
0.0018288237042725086
0.0033418964594602585
6.042873064870946e-05
0.007361333351582289
0.00036709298728965223
0.00390629842877388
0.00016920024063438177
0.0003397659747861326
0.000705481506884098
0.00014020524395164102
1.781697937985882e-05
0.000200243026483804
0.0009538742597214878
0.0009592098067514598
8.614840044174343e-05
0.0003991562407463789
0.0006133333081379533
0.00029032715247012675
0.00018137467850465328
0.0010279121343046427
0.0016716866521164775
5.026518920203671e-05
0.0009998588357120752
0.00461589964106679
0.0002913964563049376
0.00013040806516073644
9.013922681333497e-05
0.00011002585961250588
0.009311429224908352
0.010513602755963802
4.278323831385933e-05
0.0006130569381639361
0.0011984246084466577
0.00015827480820007622
0.011876757256686687
9.529606904834509e-05
0.0005118276458233595
0.00011379888019291684
0.0007032817811705172
0.009200307540595531
0.0010240639094263315
0.00022887300292495638
7.502151129301637e-05
0.02561953291296959
0.0007331434171646833
0.0007035230519250035
0.0007400960894301534
0.00015697607886977494
0.0006992861744947731
4.905765308649279e-05
0.0014206222258508205
0.0004395204014144838
0.0011713543208315969
0.00013385033525992185
0.0010455491719767451
0.0005268716486170888
0.0019395448034629226
0.0002630431263241917
0.005245893727988005
0.00028971442952752113
0.00016401083848904818
0.01023778785020113
0.0002652763214427978
0.00032038072822615504
0.0012945658527314663
0.0013986775884404778
0.00056571199093014
0.00012846906611230224
2.5648565497249365e-05
0.0013456880114972591
0.0005720199551433325
0.0009029321372509003
0.00033429451286792755
0.00010544816905166954
0.00011921622353838757
0.0010017023887485266
0.00022367064957506955
0.00045443157432600856
0.0026004703249782324
0.0023845285177230835
8.7878288468346e-05
0.0006215150933712721
0.006208423059433699
0.0008293651044368744
0.0002598507853690535
0.0009695090120658278
0.0077805654145777225
0.0009793180506676435
0.006297512911260128
5.5172764405142516e-05
0.018119845539331436
0.0004899916239082813
9.398837573826313e-05
0.0008704664651304483
0.001218167133629322
0.00019282742869108915
0.00018712588644120842
0.0007531583542004228
6.602122448384762e-05
0.00013987021520733833
0.001619537128135562
0.015245256945490837
0.0001759326842147857
0.0008402522071264684
0.005687281955033541
0.0008759741904214025
0.00014266972721088678
0.00031315424712374806
0.0008854019688442349
0.0018094675615429878
0.00036515077226795256
0.0001294240792049095
0.0001152324111899361
0.0003072329855058342
0.00034641785896383226
0.00011479164095362648
0.002870946889743209
0.0012242075754329562
6.417703116312623e-05
0.009916258044540882
0.0004408978275023401
6.875323015265167e-05
0.0003104793431703001
0.0012618041364476085
7.598898810101673e-05
0.00022077489120420069
0.002750982064753771
0.0015924490289762616
0.0006272418540902436
0.0004880534252151847
3.1180672522168607e-05
0.006839018315076828
0.000493662606459111
0.0029019764624536037
0.0012183412909507751
7.734750397503376e-05
0.00025482510682195425
0.00022454564168583602
0.0002843216061592102
6.330853648250923e-05
0.000605636858381331
0.0003525301581248641
0.12100701779127121
2.4267565095215105e-05
0.00010688797192415223
0.00010477191972313449
0.0013726968318223953
0.00031886325450614095
0.000876945850905031
0.0015080299926921725
0.00022719950356986374
0.0009773895144462585
0.0001776853168848902
0.0029681960586458445
0.00029321960755623877
0.00016918782785069197
0.0012985620414838195
0.010222177952528
0.0032638299744576216
0.008554855361580849
0.00019207470177207142
0.00012503979087341577
0.00013254518853500485
4.906925460090861e-05
0.002240856410935521
0.0007138347718864679
0.00012669074931181967
0.00016873462300281972
0.002877711784094572
0.0005615458940155804
0.0006687010754831135
0.00043054125853814185
0.00046271050814539194
0.0006341333501040936
0.00043875016854144633
0.0001263011508854106
0.00737463403493166
0.28414663672447205
0.0001574425696162507
0.0017438160721212626
0.002896612975746393
0.0012494493275880814
6.480852607637644e-05
0.0005384601536206901
2.8886523068649694e-05
0.00046246335841715336
0.0002529532357584685
0.015377480536699295
0.9014530181884766
0.0010552608873695135
0.00027629482792690396
0.00025708682369440794
0.002948534907773137
0.0035901449155062437
0.28541815280914307
0.0015258038183674216
0.006457747425884008
0.005156347062438726
0.00035869746352545917
0.20302610099315643
0.038710806518793106
0.00015159542090259492
4.739097857964225e-05
0.0010901946807280183
0.007218151353299618
0.001756296493113041
6.062937245587818e-05
0.0008543060976080596
3.196269244654104e-05
0.0008487513405270875
0.0010738361161202192
0.00020787515677511692
3.916667992598377e-05
0.001644194358959794
0.007021290250122547
0.0019651383627206087
0.00023908796720206738
0.00015722127864137292
0.0004286566691007465
0.0001993497571675107
0.14469851553440094
0.0005685975775122643
0.00010381351603427902
0.00925223808735609
0.0007871928974054754
0.0003033167449757457
0.004122231621295214
0.005933929234743118
0.005050508305430412
0.00046079076128080487
0.0003550318942870945
0.00010496471804799512
0.0015773725463077426
0.0032646209001541138
0.0002643293119035661
0.0014106841990724206
0.00034568514092825353
0.005493516568094492
0.0004668843175750226
0.00039142597233876586
0.0002614868280943483
3.4780616260832176e-05
0.00015204650117084384
0.0014628765638917685
0.0015119899762794375
5.1439124945318326e-05
0.0001075735708582215
5.1528379117371514e-05
0.1895156055688858
0.0007246582536026835
0.00023376553144771606
0.0003713498590514064
0.001985316164791584
0.00017336172459181398
0.001934716827236116
0.00032649896456860006
0.0022626034915447235
0.010374900884926319
0.00011173338862136006
0.00021048691996838897
0.004349692724645138
0.00033170590177178383
0.0006252361345104873
4.311511656851508e-05
0.00045031472109258175
0.7184703350067139
0.0024030462373048067
0.0022278246469795704
0.0020495436619967222
9.40211903071031e-05
0.04691481962800026
0.002321999054402113
0.0014520736876875162
0.00021205816301517189
0.011648573912680149
0.0009728766744956374
0.0013271335046738386
0.0020329433027654886
0.00015220911882352084
0.0001892879226943478
0.0023020983207970858
5.6204957218142226e-05
0.0072394912131130695
0.00202279444783926
0.00015619370969943702
0.0016520795179530978
0.0027547769714146852
0.002445040037855506
0.008166566491127014
0.011611341498792171
0.00030289310961961746
0.0014853919856250286
0.0001210227346746251
0.00022493305732496083
5.887747465749271e-05
0.0017803377704694867
0.004764217417687178
0.0006456621340475976
0.000503277056850493
0.0003751734911929816
4.445865488378331e-05
0.0003420378779992461
0.001438447623513639
0.0002755921450443566
0.00040687029832042754
4.229244223097339e-05
0.001978481188416481
0.0014526137383654714
8.065515430644155e-05
5.046585283707827e-05
0.00022614480985794216
0.0002423116093268618
0.0011612084927037358
0.001016903086565435
0.9390194416046143
0.013856328092515469
0.0003784688306041062
9.449991921428591e-05
0.01728947088122368
0.8362066149711609
0.00013507093535736203
0.00016990512085612863
0.00020375232270453125
0.0010015863226726651
0.00023880432127043605
0.00021142602781765163
6.45960244582966e-05
4.315073965699412e-05
0.0010501091601327062
0.0014050464378669858
0.03134189918637276
0.0020169944036751986
0.00658143637701869
0.0007281912257894874
0.060703881084918976
0.00457719573751092
0.0007491846918128431
0.0038936887867748737
0.0002500708505976945
0.0006018207059241831
0.002765555400401354
0.0011641917517408729
0.0005028481245972216
0.00019968324340879917
0.0007239266415126622
0.00039446522714570165
0.06935366243124008
0.0005625567864626646
0.00837666541337967
0.00032504700357094407
0.00011285246000625193
0.0012785133440047503
0.0007264681626111269
0.00018495184485800564
0.002732690656557679
0.0007814993732608855
0.0005622922908514738
0.007048457395285368
0.02962704375386238
0.0006429526256397367
0.0001198832324007526
0.0006933952681720257
0.5404981374740601
0.0010377612197771668
0.0009958341252058744
5.3193340136203915e-05
0.0008384058601222932
0.0013453771825879812
0.0004173231136519462
0.00014820091018918902
3.418972482904792e-05
0.012482702732086182
0.00029828702099621296
0.0001332943793386221
0.000771309423726052
0.00018731366435531527
0.004371205344796181
0.0001241599820787087
0.03160201013088226
0.0004955834010615945
0.00038242607843130827
0.013669166713953018
0.003210806753486395
0.00012052016973029822
0.0009147557429969311
0.00012085667549399659
3.973562706960365e-05
0.006371976342052221
0.0005311971763148904
0.010426201857626438
0.020433340221643448
0.0008385956170968711
0.00015027524204924703
0.0010210731998085976
6.186644895933568e-05
0.0022270530462265015
0.0016734414966776967
0.0021835339721292257
0.008274771273136139
0.0010213815839961171
0.0022984114475548267
0.0001389933895552531
0.008811467327177525
6.408646004274487e-05
0.0003319687966722995
0.00019041822815779597
0.006335921585559845
0.0005218678270466626
0.00018723099492490292
0.0001085945259546861
0.0006112094852142036
2.1561056200880557e-05
0.0005705791409127414
7.831255061319098e-05
0.0010862997733056545
0.00016079538909252733
0.00011182069283677265
0.01362598780542612
0.001537133939564228
7.236791134346277e-05
0.002216281136497855
0.006062570959329605
0.00024409267643932253
0.005014460068196058
0.00016247716848738492
0.0017067409353330731
4.868899122811854e-05
0.00017401439254172146
7.97503162175417e-05
0.09917771071195602
0.0003616841568145901
0.001228854525834322
0.0011003101244568825
0.0005948693142272532
0.00271479575894773
0.0004448762338142842
0.008939087390899658
0.0002105021703755483
0.00027901720022782683
7.355717389145866e-05
4.843946226174012e-05
0.0003623763332143426
0.5919160842895508
0.004150508437305689
0.003007404040545225
0.0004392521223053336
0.0011987494071945548
9.079919254872948e-05
0.0008010318852029741
0.0005600831937044859
0.3020015060901642
0.0014265968929976225
0.0002605240442790091
0.00032091111643239856
0.0003349213511683047
0.0002478049136698246
0.0004824915376957506
0.002141306409612298
0.0908491462469101
0.010401396080851555
0.0010097610065713525
0.0004369845555629581
2.7576186766964383e-05
0.00030871221679262817
0.00015356253425125033
0.05266691744327545
0.0003086548240389675
0.05857878923416138
8.781153155723587e-05
0.00017639344150666147
8.715689182281494e-05
0.08642308413982391
0.01416813675314188
0.09698813408613205
0.0012875004904344678
0.0009946887148544192
0.005596024449914694
0.005774527322500944
0.00015809395699761808
0.0004803872143384069
0.00022683068527840078
0.967078685760498
0.0014718810562044382
0.006100536324083805
0.002247962635010481
0.0010968414135277271
0.005245893727988005
0.00025811392697505653
0.00016835342103149742
0.0032638998236507177
0.00013477090396918356
0.0008347382536157966
7.792295946273953e-05
0.0004932458978146315
0.0005988979246467352
0.001160175888799131
0.06597988307476044
0.00030100467847660184
8.125436579575762e-05
0.00044560074456967413
0.000786643591709435
0.0002589877985883504
0.0005696950247511268
0.0003055347187910229
0.028233420103788376
0.012843732722103596
0.0013970800209790468
0.00016429211245849729
0.00026148633332923055
0.0007583867409266531
0.0004794709093403071
0.005268875975161791
0.0008096849196590483
0.00013338592543732375
0.0002015901409322396
0.0035930101294070482
0.13406777381896973
2.6663523385650478e-05
0.002936749719083309
0.0012128776870667934
0.00010438470053486526
5.728333053411916e-05
0.00019404859631322324
0.9701486825942993
0.0003063756739720702
0.00017029324953909963
0.1469413787126541
0.004881290253251791
7.983226532815024e-05
0.024887511506676674
7.160053792176768e-05
0.00046345122973434627
0.00025638725492171943
0.019885212182998657
0.03476789593696594
0.030459843575954437
0.5038938522338867
7.940458453958854e-05
0.001846707658842206
0.0009199462365359068
0.00011057879601139575
0.0012304994743317366
0.0010538398055359721
0.0001298776624025777
0.002580182394012809
0.0007499133353121579
0.008633608929812908
0.0003398579719942063
0.00024575743009336293
7.296523108379915e-05
0.0004972800961695611
0.0005612665554508567
0.0003928762744180858
0.0019288768526166677
0.002580182394012809
0.00012547765800263733
6.371954805217683e-05
0.02792353928089142
0.07756317406892776
0.0001268886699108407
0.029253335669636726
0.0001664037990849465
0.0001258238044101745
0.00358698726631701
0.0023854849860072136
0.001186446170322597
0.009101036936044693
0.004050773568451405
0.0001667056931182742
0.00021341514366213232
0.00014575649402104318
0.0012889335630461574
0.0018542098114266992
0.02650749310851097
0.021307602524757385
0.07314229756593704
0.0202679093927145
0.000416758208302781
0.0003003487945534289
0.004562907386571169
0.0009155989391729236
0.07582671195268631
0.00011782321234932169
0.0008856399217620492
0.00192200334277004
0.0017788478871807456
4.016376624349505e-05
0.0001582112890901044
0.007921920157968998
0.0007269487250596285
0.00148519326467067
0.00032395863672718406
0.14762109518051147
0.001268312451429665
0.00032490293961018324
0.00023902983230073005
0.0008046792354434729
0.0007681612041778862
0.015711501240730286
0.0003034081601072103
0.002105693332850933
0.00029764758073724806
0.9543374180793762
0.011265154927968979
0.0007278835983015597
0.3271786868572235
0.0036305044777691364
0.0022099034395068884
0.00011036895011784509
0.004861621186137199
0.0019496944732964039
0.002237798646092415
0.0005922494456171989
0.004579010419547558
0.02580481581389904
0.00011175811232533306
0.0010127852438017726
0.00039083350566215813
0.000299501814879477
0.0001242081925738603
0.85371994972229
0.00032364745857194066
0.00010227585880784318
0.007147291209548712
0.055243246257305145
0.0012690253788605332
0.0007480279891751707
0.0048172445967793465
0.029780752956867218
0.006781258154660463
0.00012453657109290361
0.0004691398935392499
0.0007829182432033122
0.005878058262169361
0.0008680082974024117
0.9465336203575134
0.023981677368283272
7.64610231271945e-05
0.0018383458955213428
0.0002992517838720232
0.00031191116431728005
9.688462887424976e-05
0.010211198590695858
0.00043851789087057114
8.980779239209369e-05
0.0006614931626245379
0.0015720085939392447
0.0030281718354672194
0.0005727853858843446
0.00029119456303305924
0.057479456067085266
0.005683761555701494
0.00018682780500967056
0.010128656402230263
0.028536643832921982
0.002620904939249158
0.028900735080242157
0.0003250606241635978
0.004201110918074846
0.004958468023687601
0.0007697106339037418
0.008785867132246494
0.0021902378648519516
0.0004719783610198647
0.0006626892136409879
0.0010614237980917096
0.0027664287481456995
0.0019328088965266943
0.0017097147647291422
0.003528944216668606
0.0035479848738759756
0.0030449589248746634
0.7489009499549866
0.00044196058297529817
0.00016079215856734663
0.013460434041917324
0.06737687438726425
0.0029307003132998943
0.004423694685101509
0.0018381979316473007
0.0002287333772983402
0.0002255388826597482
0.00041552013135515153
0.00044445195817388594
0.012374025769531727
0.0003961453912779689
0.0025002476759254932
0.0010105193359777331
0.0016744582680985332
0.0005568043561652303
0.0009667035774327815
0.0005573834059759974
0.0026316300500184298
0.00016569526633247733
0.011227534152567387
0.005533645395189524
0.03942791745066643
0.0026909243315458298
0.011095172725617886
0.021628739312291145
0.01304145809262991
0.03666466474533081
0.012900080531835556
0.0004031543794553727
0.000238142441958189
0.0003419891290832311
0.0011132551589980721
0.010047278366982937
0.003097889479249716
0.00017959080287255347
7.814016134943813e-05
0.0008434930350631475
0.004684416111558676
0.08101094514131546
9.36664582695812e-05
0.0013504191301763058
0.0005997467087581754
0.010479816235601902
0.9440048933029175
0.0016289963386952877
0.00016848993254825473
0.00901296827942133
0.0011649399530142546
0.00597064383327961
0.014565280638635159
0.0017474880442023277
3.987859236076474e-05
0.00040342097054235637
8.435395284323022e-05
0.00021485454635694623
0.00020026059064548463
0.00038523366674780846
0.002679146360605955
0.00034644544939510524
0.003149923635646701
0.00012154119758633897
0.00015594682190567255
0.00015803622954990715
0.01907512918114662
0.002236098051071167
0.0047482880763709545
0.002021158579736948
0.012827823869884014
0.004058691672980785
0.00030143544427119195
0.916822612285614
0.0003522325132507831
0.72379070520401
0.0004386991204228252
0.000981140066869557
0.010155473835766315
0.0017086236039176583
0.0010565152624621987
0.00220482237637043
0.0009617195464670658
0.01754191517829895
0.0484088771045208
0.00010171340545639396
0.0020638511050492525
0.00012366112787276506
0.0008953571086749434
0.04776694253087044
0.00023898060317151248
7.551612361567095e-05
0.0002905888541135937
0.0022532532457262278
0.0027993039693683386
0.7470897436141968
0.0006144245271570981
0.01333447266370058
0.003203232306987047
0.00035424361703917384
0.0006232048035599291
0.0011587059125304222
0.8240219950675964
0.09052031487226486
0.6087095737457275
0.010968092828989029
0.0007723096641711891
0.0006540420581586659
0.0027831089682877064
0.00649163918569684
0.0007089443970471621
0.0013311710208654404
0.0004943407257087529
0.0008432274335063994
0.0022604751866310835
0.001018820214085281
0.9359292984008789
0.00017789773119147867
0.005507988855242729
0.004232931882143021
0.0001334194967057556
0.003512481227517128
0.02075163461267948
0.002824495080858469
0.0020531152840703726
0.03855538368225098
0.9305408596992493
0.004397220443934202
0.0010454460280016065
0.04234576225280762
0.018002139404416084
0.010377544909715652
0.0005881598917767406
0.0005948279285803437
3.379647387191653e-05
0.0009527362999506295
0.0011021837126463652
0.0021482734009623528
0.0010252216598019004
0.0035878822673112154
0.0002840883389580995
0.007958458736538887
0.009732624515891075
0.9735722541809082
0.002033472526818514
0.005969870835542679
0.612268328666687
0.00011386781261535361
0.0012968508526682854
0.0011564773740246892
0.0005852506728842854
0.00013473197759594768
0.001648329896852374
0.0002765902900137007
0.9893572926521301
0.010639754123985767
0.0008189408108592033
0.001197325298562646
0.007277896162122488
7.811535033397377e-05
0.0024048450868576765
5.3125004342291504e-05
0.0004922086372971535
0.0013412327971309423
0.0006892617093399167
0.00012044893810525537
4.572590842144564e-05
8.58888597576879e-05
0.002278640866279602
0.006551987491548061
0.43638095259666443
0.9688507318496704
0.0691060721874237
0.02445421740412712
0.0055561549961566925
0.0007996563799679279
0.0009542492916807532
0.9463140964508057
0.005911304149776697
0.0014428006252273917
0.0002731869462877512
0.10362855345010757
0.020111048594117165
0.004780435003340244
0.005446520633995533
0.0019292505457997322
0.00020947065786458552
0.0007362979813478887
0.04022728279232979
0.003104542614892125
0.04004884511232376
0.0005224361666478217
0.05086378753185272
0.0017154163215309381
0.02335413545370102
0.14664921164512634
0.0004051141731906682
0.9819228053092957
0.0009982098126783967
0.0016051105922088027
0.00040182910743169487
0.0025038907770067453
0.9386653304100037
0.002103146631270647
0.00017172491061501205
0.020837947726249695
0.0011715780710801482
7.658303366042674e-05
0.0008691504481248558
0.0006327622686512768
0.000433085166150704
0.012856042012572289
0.011311103589832783
0.00013106166443321854
0.0004025468078907579
0.0007287615444511175
0.0027419652324169874
0.013712235726416111
0.000843257992528379
0.005090647377073765
0.00020686007337644696
0.00023566866002511233
0.007167130708694458
0.0002188628277508542
0.0007120879599824548
0.048042070120573044
0.0008957982645370066
0.011695649474859238
0.012024038471281528
0.0003374800435267389
0.04061266407370567
0.0003067181969527155
0.0023231005761772394
0.9895456433296204
0.0008292224956676364
0.00919385440647602
0.007017979864031076
0.04301893338561058
0.0008470159373246133
0.006393401883542538
0.988372266292572
0.000946803658735007
0.00011969486513407901
0.01558394730091095
0.0007063759258016944
0.0038528041914105415
0.0017724945209920406
0.00016481647617183626
0.02402317337691784
0.6875481605529785
0.0004396848671603948
0.0008713618735782802
0.8534067869186401
0.0023886042181402445
0.056590113788843155
0.163448303937912
0.006656420882791281
0.0009535540593788028
0.014664935879409313
0.008248617872595787
0.0017594050150364637
0.002913791686296463
0.0007625253056176007
0.006363675929605961
0.6374580264091492
0.004321334417909384
0.0008594421087764204
0.0019348328933119774
0.013090193271636963
0.010344966314733028
0.007045954465866089
0.07670442014932632
0.1825665682554245
0.03812893480062485
0.14454136788845062
0.003907008562237024
0.8614023327827454
0.00019172595057170838
0.0005875519709661603
0.8777157068252563
0.0004569765005726367
0.000165608711540699
0.002960436511784792
0.0030509456992149353
0.0004961773520335555
0.012972651980817318
0.005091471131891012
0.002171147847548127
0.10322132706642151
0.8245019912719727
0.605147123336792
0.7971866726875305
0.0005626924685202539
9.983564086724073e-05
0.001552545465528965
0.00024479907006025314
0.03423815220594406
0.015213840641081333
0.00417769281193614
0.0012982918415218592
0.0006451119552366436
0.9670314192771912
0.14450134336948395
0.05586448684334755
0.001434015459381044
0.0006847303593531251
0.0031566338147968054
0.0024539371952414513
0.07232031971216202
0.0729508250951767
0.9481312036514282
0.00018743229156825691
0.00020158746337983757
0.006043651141226292
0.0020488472655415535
0.8998668193817139
0.13006848096847534
0.8254877328872681
0.0012924284674227238
0.007724858354777098
0.9694953560829163
0.6081095933914185
0.00011035042552975938
0.0002529479097574949
0.031210532411932945
0.0004311967932153493
0.004641138948500156
0.004250476136803627
0.049924612045288086
0.00025116236065514386
0.01674061454832554
0.001963362330570817
0.0002741379721555859
0.013621841557323933
0.9437944889068604
0.0015742554096505046
0.0007986489217728376
0.0010203131241723895
0.006943818181753159
0.004583816044032574
0.007131023798137903
0.072187140583992
0.0005697102169506252
0.00011394263856345788
0.018745645880699158
0.007559905759990215
0.007095665670931339
0.039345838129520416
0.005946388002485037
0.926015317440033
0.8530005812644958
0.00021130188542883843
0.0007173946942202747
0.0028583724051713943
0.0022733535151928663
0.00022335586254484951
0.04382334277033806
0.0005817788187414408
0.0025709401816129684
0.00032193734659813344
0.002655932679772377
0.006966008804738522
0.00027720542857423425
0.0006123578641563654
0.11672308295965195
0.0029074358753859997
0.00017998475232161582
0.5435700416564941
0.0017483674455434084
8.638399594929069e-05
0.015845464542508125
0.004010792355984449
0.00016630497702863067
0.0006033602403476834
0.00012511863315012306
0.023454146459698677
0.013337578624486923
0.9127039313316345
0.8302221894264221
0.0002614952973090112
7.403492782032117e-05
0.008835909888148308
0.0011549476766958833
0.9949689507484436
0.9917829036712646
0.1281890869140625
0.00193322217091918
0.0021484922617673874
0.00028519827174022794
0.025973547250032425
0.001205170527100563
0.006604036781936884
0.0030828833114355803
0.0009107014629989862
0.03156806901097298
0.24170929193496704
0.061502814292907715
0.003674331121146679
0.0006684490945190191
0.00036145030753687024
0.0006956705474294722
0.0015001141000539064
5.901761323912069e-05
0.00016512730508111417
0.0022057772148400545
0.6063810586929321
0.011285504326224327
0.006333061959594488
0.017023248597979546
0.08533595502376556
0.0016539223724976182
0.013857710175216198
0.002487285528331995
0.00014537866809405386
0.00839657336473465
0.005471344571560621
0.008216269314289093
0.9947810769081116
0.26362213492393494
0.00015506529598496854
0.0588296540081501
0.00026610694476403296
0.014250786043703556
0.0009257958736270666
0.0007561395759694278
0.0009955324931070209
0.0031965053640305996
0.026405267417430878
0.003371901111677289
0.004966252017766237
0.002350265858694911
0.5846607089042664
0.0014140164712443948
0.00041706618503667414
0.0029253391548991203
0.009438407607376575
0.0037783558946102858
0.00315960799343884
0.01437066774815321
6.847214535810053e-05
0.002037494210526347
0.003473891643807292
0.8663479685783386
0.0007760219159536064
0.7556053400039673
0.0016295516397804022
0.0005520806880667806
0.051253609359264374
0.001882000477053225
0.10990528762340546
0.8946253061294556
0.7687122821807861
0.00210972991771996
0.00011861218808917329
0.004238589201122522
0.0017493439372628927
0.003359634429216385
0.15338438749313354
0.017128275707364082
0.0019785421900451183
0.8133368492126465
0.0031323512084782124
3.228475179639645e-05
0.0025378933642059565
0.00817715935409069
0.002631104551255703
0.0031942755449563265
0.03950859606266022
0.06629866361618042
0.011064665392041206
0.002208885969594121
0.0008297354797832668
0.0015499473083764315
0.005785499233752489
0.0019922119099646807
0.001138349762186408
0.009591511450707912
0.11951766163110733
0.0005529733607545495
0.5165042281150818
0.9791221022605896
0.03323262929916382
0.0019940605852752924
0.2976621091365814
0.3791520595550537
0.00045052749919705093
0.0023402972146868706
0.0013229978503659368
0.000678860757034272
0.010799136012792587
0.00010799424489960074
0.9650061130523682
0.018259897828102112
0.0008533387444913387
0.016610046848654747
0.0009347745799459517
3.763375570997596e-05
0.99013352394104
0.0017355656018480659
0.0016189627349376678
0.001391652156598866
0.0017338762991130352
0.00037327196332626045
0.0030000025872141123
0.0012553749838843942
0.010879161767661572
0.000321175844874233
0.00010799424489960074
0.00269009149633348
0.000332936440827325
0.0006071690586395562
0.06736209988594055
0.924963653087616
0.0028518005274236202
0.007817900739610195
8.188167703337967e-05
0.0004424275830388069
0.03263754025101662
0.008382086642086506
0.08075226843357086
0.039883751422166824
0.06924362480640411
0.0267568938434124
0.00010805677447933704
0.004902983084321022
0.0015680924989283085
0.0019064124207943678
0.0008069605682976544
0.1187264546751976
0.0019979779608547688
0.009858136996626854
0.9157785177230835
0.027127834036946297
0.16099490225315094
0.09746985882520676
0.02440062165260315
0.001817034906707704
0.009394107386469841
0.9610229730606079
0.0017593337688595057
4.7183097194647416e-05
0.006248032674193382
0.0008120396523736417
0.059639785438776016
0.02706550434231758
0.006878837011754513
0.09226053208112717
0.00613380316644907
0.8589017987251282
0.9350720643997192
0.006925668567419052
0.0001786109060049057
0.00030937869451008737
0.08628423511981964
0.007824291475117207
0.0005989327328279614
0.008327229879796505
0.000516947649884969
0.0007072995067574084
0.03148820996284485
0.9942850470542908
0.39463895559310913
0.001734019024297595
0.004316324833780527
0.7665427327156067
0.0045979865826666355
0.0005375537439249456
0.08741480857133865
0.8181523084640503
0.0026043406687676907
0.0005259401514194906
0.28440484404563904
0.04172079265117645
0.00016970402793958783
0.23958924412727356
0.016370022669434547
0.003035150235518813
0.00013528722047340125
0.011471959762275219
0.0006629832787439227
0.002865453716367483
0.015145835466682911
0.0009557547164149582
0.0002588937641121447
0.06360975652933121
0.0023311569821089506
0.9447080492973328
0.011972233653068542
0.0007175556966103613
0.004619498271495104
0.007394927553832531
0.21442922949790955
0.0022233445197343826
0.0018455891404300928
0.8490598201751709
0.17192892730236053
0.05880395323038101
8.887381409294903e-05
0.00809299573302269
0.799174964427948
0.13435226678848267
0.036418624222278595
0.011684063822031021
0.4501117765903473
0.0013447437668219209
0.00214093248359859
0.010609008371829987
0.006813117768615484
0.22673173248767853
0.003395871492102742
0.911948561668396
0.9178984761238098
0.023728448897600174
0.8739592432975769
0.8502579927444458
0.00046026884228922427
0.0005246043438091874
0.18231907486915588
0.00019000725296791643
0.00015999688184820116
0.007856123149394989
0.001758076250553131
0.14262470602989197
0.00012298203364480287
0.161429762840271
0.00047118988004513085
0.9089038372039795
0.005438529420644045
0.0033429895993322134
0.000601445441134274
0.006641835905611515
0.024244435131549835
0.05579865351319313
0.001017336267977953
0.2639615535736084
0.7184353470802307
0.005539620760828257
0.3102165460586548
0.8920255899429321
0.03396635502576828
0.00010251801722915843
0.0012191177811473608
0.004053717944771051
0.13915783166885376
0.0350000374019146
0.006070190574973822
0.00157901959028095
0.000507780525367707
0.00014234740228857845
0.022989999502897263
0.049101583659648895
0.0006464299513027072
0.00028082638164050877
0.00013906577078159899
0.0017194491811096668
0.0002850286546163261
0.011207912117242813
0.0019370015943422914
0.020533502101898193
0.003994614817202091
0.001657247543334961
0.03162559121847153
0.0002617949212435633
0.005737453233450651
0.004199120216071606
0.9021828770637512
0.0005528766778297722
0.9991267323493958
0.1932252198457718
0.001730173360556364
0.0002941180719062686
0.2855956256389618
0.966925859451294
0.00022512466239277273
0.003170533338561654
0.003038272727280855
0.8658242225646973
0.9948784112930298
0.0009238154743798077
0.005839844234287739
0.041787195950746536
0.10881400108337402
0.9261032342910767
7.489384734071791e-05
0.9837262034416199
0.002301531145349145
0.029952766373753548
0.011864043772220612
0.008084111846983433
0.0005823425017297268
0.014014310203492641
0.9695422053337097
0.33239448070526123
0.005206660367548466
0.808776319026947
0.966562032699585
0.011532910168170929
0.09420571476221085
0.06366999447345734
0.014112783595919609
0.16007421910762787
0.0006567232776433229
0.015363221056759357
0.006070728413760662
0.0006388245383277535
0.025768212974071503
0.006504848599433899
0.017478281632065773
0.0006655186880379915
0.9896292090415955
0.9613659381866455
0.022204572334885597
0.005115895997732878
0.0054284390062093735
0.9836332201957703
0.0030718324705958366
0.017921272665262222
0.0015668589621782303
0.05621016025543213
0.011866665445268154
0.02514716610312462
0.006444544997066259
0.003382280236110091
0.015379183925688267
0.005500899627804756
0.0007276934920810163
0.08149208873510361
0.0002260221663163975
0.001292337430641055
0.231523334980011
0.969590961933136
0.008651066571474075
0.9966452717781067
0.0026093542110174894
0.9491806626319885
0.04315895959734917
0.030058011412620544
0.03824590519070625
0.8825234770774841
0.9158365726470947
0.22258511185646057
0.006895179394632578
0.7045124173164368
0.0054074437357485294
0.08769656717777252
0.0017860730877146125
0.8457359671592712
0.960053563117981
0.026151156052947044
0.0037988796830177307
0.0016244720900431275
0.2454761117696762
9.005056199384853e-05
0.11532924324274063
0.02385609969496727
0.0018368239980190992
0.17677298188209534
0.005531879607588053
0.004845237359404564
0.00347021222114563
0.0003037502756342292
0.01243498269468546
0.9990673661231995
0.003668212564662099
0.0018595566507428885
0.007275853771716356
0.14398258924484253
0.0015700923977419734
0.006116516888141632
0.027572026476264
0.9578308463096619
0.7817431092262268
0.0007763362955302
0.0031774414237588644
0.002815687796100974
0.9293948411941528
0.0007988479337655008
0.0006906872731633484
0.9665778279304504
0.008037102408707142
0.008610270917415619
0.0037869270890951157
0.007567784748971462
0.10848868638277054
0.9460108876228333
0.004926583264023066
0.005796629004180431
0.007003267761319876
0.0011062298435717821
0.005536466836929321
0.9660071134567261
0.09593527764081955
0.24491748213768005
0.24396739900112152
0.7999269962310791
0.0148287583142519
0.023777803406119347
0.04400600865483284
0.0016714256489649415
0.7332483530044556
0.004452727735042572
0.0037863801699131727
0.0019928559195250273
0.01304800808429718
0.0011728325625881553
0.023369230329990387
0.602557361125946
0.9058314561843872
0.8670435547828674
0.9851781725883484
0.004045311827212572
0.003318806178867817
0.08272199332714081
0.003842919832095504
0.00570764672011137
0.1369788944721222
0.8198728561401367
0.002066544722765684
0.9913365840911865
0.0622977688908577
8.574434468755499e-05
0.0017608561320230365
0.0001818751625251025
0.0038395258598029613
0.005871973000466824
0.0004946310655213892
0.055184829980134964
0.16919980943202972
0.008211257867515087
0.0036911233328282833
0.004833027720451355
0.8147010803222656
0.9392313957214355
0.0007359293522313237
0.0021530163940042257
0.9855571389198303
0.5465676188468933
0.742354691028595
0.05359882861375809
0.05904270336031914
0.12076663225889206
0.293575644493103
0.0006777698290534317
0.0018890018109232187
0.06611927598714828
0.002338320715352893
0.0018282526871189475
0.9194636344909668
0.0527004599571228
0.9769376516342163
0.0011822821106761694
0.0003321229596622288
0.0011196587001904845
0.02183070406317711
0.03536219149827957
0.010483618825674057
0.0007723376620560884
0.00039004330756142735
0.008855043910443783
0.0033044929150491953
0.001307156984694302
0.5414670705795288
0.9529403448104858
0.0886271595954895
0.042705342173576355
0.003704068250954151
0.0009373861248604953
0.00010980282968375832
0.006123695056885481
0.013290617614984512
0.007694438099861145
0.24467596411705017
0.021790627390146255
0.9477962255477905
0.0017966331215575337
0.9283517003059387
0.001886680955067277
0.0015203108778223395
0.0022886046208441257
0.0014008911093696952
0.9934086799621582
0.004143863916397095
0.05000968649983406
0.9934871196746826
0.0016694702208042145
0.004412215668708086
0.0006624628440476954
0.0007135256892070174
0.033199138939380646
0.0633404403924942
0.14199066162109375
0.00048071015044115484
0.05408919230103493
0.0015464783646166325
0.08096464723348618
0.0005300998454913497
0.04363303259015083
0.005044657737016678
0.16648031771183014
0.7917611598968506
0.0010743216844275594
0.004554081242531538
0.00841344241052866
0.95055091381073
0.5857174396514893
0.00034900379250757396
0.0009151245467364788
0.009883666411042213
0.0009263234678655863
0.9893719553947449
0.0005328294937498868
0.01523722056299448
0.17899316549301147
0.9344195127487183
0.9487748742103577
0.7825616002082825
0.005260036326944828
0.0007502120570279658
0.008001729846000671
0.0239329282194376
0.9044946432113647
0.0055945017375051975
0.001962946495041251
0.021658141165971756
0.014109957963228226
0.009861312806606293
0.9031888842582703
0.1503582000732422
0.010318681597709656
0.002224056515842676
0.019122274592518806
0.008421228267252445
0.009977756068110466
0.010762552730739117
0.7753473520278931
0.0007813299307599664
0.21890610456466675
0.001749682822264731
0.0034707284066826105
0.014223087579011917
0.0006953026750124991
0.8800541162490845
0.04554295539855957
0.8785608410835266
0.9086225628852844
0.004360541235655546
0.007325062993913889
0.5034562349319458
0.0015761189861223102
0.012078773230314255
0.02244206704199314
0.010419822297990322
0.6088006496429443
0.008103792555630207
0.8886194229125977
0.9647288918495178
0.00012614179286174476
0.8969614505767822
0.9821547269821167
0.018820123746991158
0.011303538456559181
0.9909024834632874
0.8992840647697449
0.002743906108662486
0.02324461005628109
0.9678828716278076
0.9953708052635193
0.00811406783759594
0.013060498051345348
0.001460098079405725
0.006915699224919081
0.8229461908340454
0.9812186360359192
0.933751106262207
0.06645882874727249
0.8907233476638794
0.043754421174526215
0.03644226863980293
0.06089313328266144
0.014135226607322693
0.0011876769131049514
0.7261834144592285
0.8765263557434082
0.011788303032517433
0.001307298312895
0.8285684585571289
0.9500613212585449
0.038241736590862274
0.03425842523574829
0.012183299288153648
0.005625501740723848
0.061867956072092056
0.02108314447104931
0.002159919822588563
0.9954327344894409
0.07834920287132263
0.9949146509170532
0.9812600612640381
0.0004000708577223122
0.028238076716661453
0.011048408225178719
0.17669296264648438
0.006749626714736223
0.00030104140751063824
0.01585807465016842
0.10220927745103836
0.04126713052392006
0.018299542367458344
0.0074373395182192326
0.002718683099374175
0.8491683602333069
0.16930410265922546
0.018077446147799492
0.00860288180410862
0.4174347221851349
0.0007258732803165913
0.00021364193526096642
0.018499020487070084
0.00022251879272516817
0.02557920478284359
0.9937092065811157
0.7124019265174866
0.0001427952229278162
0.026989813894033432
0.9965452551841736
0.004607461392879486
0.0026049476582556963
0.9988143444061279
0.0008400604710914195
0.015584656968712807
0.007452819030731916
0.0010915918974205852
0.0029909671284258366
0.9766681790351868
0.995214581489563
0.003193425480276346
0.005734026897698641
0.011636322364211082
0.915349006652832
0.06094413250684738
0.02358877658843994
0.9897115230560303
0.061433617025613785
0.01214904710650444
0.8242169618606567
0.005153825506567955
0.8651537895202637
0.0009741333778947592
0.012306703254580498
0.05867066606879234
0.10373752564191818
0.0011260240571573377
0.006946548353880644
0.9303440451622009
0.9413949847221375
0.020426325500011444
0.004812910221517086
0.13259181380271912
0.0017517002997919917
0.10174930095672607
0.003079288871958852
0.9414934515953064
0.7765541076660156
0.9426796436309814
0.003526753280311823
0.9271413683891296
0.00043911332613788545
0.011057930998504162
0.0005696469452232122
0.9571589231491089
0.3680780529975891
0.953873336315155
0.9378557801246643
0.020483223721385002
0.010253168642520905
0.021769439801573753
0.7097722887992859
0.20790855586528778
0.04351091757416725
0.253116250038147
0.7123553156852722
0.8482599258422852
0.01747991144657135
0.025362646207213402
0.028991613537073135
0.0016162435058504343
0.02329656109213829
0.06715948134660721
0.05132702365517616
0.045034997165203094
0.006024007219821215
0.0004127841384615749
0.00013938889605924487
0.007838621735572815
0.01575074903666973
0.1377028226852417
0.8806683421134949
0.0864703431725502
0.039054661989212036
0.06819780170917511
0.9966698288917542
0.9795219302177429
0.0395716056227684
0.00656124297529459
0.012645848095417023
0.010272697545588017
0.00463121710345149
0.01932968571782112
0.02171681448817253
0.007990810088813305
0.012464107014238834
0.0019667018204927444
0.0014386202674359083
0.30731937289237976
0.022879546508193016
0.18094298243522644
0.8433482646942139
0.00019227607117500156
0.8955427408218384
0.013209793716669083
0.9975836277008057
0.42720353603363037
0.7066038250923157
0.005296573508530855
0.017970914021134377
0.0125324921682477
0.9931585192680359
0.8367973566055298
0.8422725200653076
0.9458595514297485
0.007875901646912098
0.038622189313173294
1.0682889296731446e-05
0.0006560670444741845
0.051446568220853806
0.07567648589611053
0.05242358520627022
0.9701436161994934
0.9801826477050781
0.09140437841415405
0.9978571534156799
0.21050874888896942
0.026739979162812233
0.9851945042610168
0.955726683139801
0.015465069562196732
0.9092023372650146
0.0008439174853265285
0.8813951015472412
0.9477730989456177
0.8454672694206238
0.00038708903593942523
0.00233407411724329
0.9467878937721252
0.022928569465875626
0.0003842028963845223
0.07019618153572083
0.845958411693573
0.17486713826656342
0.0007548508583568037
0.0038352059200406075
0.34746602177619934
0.9456033706665039
0.03341418877243996
0.0026164748705923557
0.0006133564165793359
0.8847240805625916
0.0004738360003102571
0.03484524413943291
0.377185583114624
0.011097092181444168
0.274213582277298
0.07016908377408981
0.04730724170804024
0.7986494898796082
0.24738290905952454
0.003774368204176426
0.9567408561706543
0.9846981167793274
0.0008530513732694089
0.8282215595245361
0.6150814890861511
0.8165429830551147
0.22002066671848297
0.03784770518541336
0.00043502572225406766
0.0007987254066392779
0.8822651505470276
0.0015450918581336737
0.0006675183540210128
0.0033331774175167084
0.07944264262914658
0.8515501618385315
0.01534066628664732
0.002245670882984996
0.0007681429269723594
0.001980036264285445
0.9969794750213623
0.8756831884384155
0.9619999527931213
0.0012916199630126357
8.464202255709097e-05
0.137743279337883
0.03362380713224411
0.012229841202497482
0.8322281241416931
0.9839764833450317
0.0639905035495758
0.9519909024238586
0.9736376404762268
0.0010798373259603977
0.02935391291975975
0.02954900823533535
0.0013876864686608315
0.015632154420018196
0.0205340888351202
0.007255468517541885
0.00028855912387371063
0.14047853648662567
0.1573254019021988
0.015488263219594955
0.6323788166046143
0.9102675318717957
0.7032738327980042
0.013574984855949879
0.0765986368060112
0.005254285875707865
0.011454214341938496
0.05726993829011917
0.014432827942073345
0.004028058145195246
0.0004481086216401309
0.00042373547330498695
0.010170022025704384
0.7402532696723938
0.246196910738945
0.979721188545227
0.006927875801920891
0.793711245059967
0.10803067684173584
0.0019009769894182682
0.001688136369921267
0.008481289260089397
0.13239765167236328
0.9761490225791931
0.025172913447022438
0.07718504965305328
0.5826205611228943
0.7248805165290833
0.7846658229827881
0.0011398906353861094
0.00029545952565968037
0.0025025238282978535
0.012609901838004589
0.00779136223718524
0.08471941202878952
0.7851722836494446
0.0004494510358199477
0.0011488654417917132
0.0009591764537617564
0.4864141047000885
0.9745892286300659
0.0005862957914359868
0.00030247122049331665
0.005113692954182625
0.028116006404161453
0.13313435018062592
0.0036652456037700176
0.00026836435426957905
0.008589216507971287
0.10757814347743988
0.003732457756996155
0.1919051557779312
0.20913539826869965
0.9477195739746094
0.9048473238945007
0.04066026210784912
0.8750740885734558
0.055843185633420944
0.00020238380238879472
0.09183388203382492
0.0007508042617700994
0.5177105069160461
0.006470726802945137
0.08026635646820068
0.26683786511421204
0.10674859583377838
0.03366395831108093
0.0903698205947876
0.004400712437927723
0.0007997684297151864
0.8546447157859802
0.8055586218833923
0.004281023051589727
0.0003991385456174612
0.904671311378479
0.0012087207287549973
0.7731026411056519
0.0008431161986663938
0.9061796069145203
0.004040406085550785
0.01925402320921421
0.00039658957393839955
0.8464843034744263
0.004238905385136604
0.9766740798950195
0.08628059178590775
0.16446205973625183
0.012991727329790592
0.6002408266067505
0.00017586626927368343
0.04268103837966919
0.01760275661945343
0.015704208984971046
0.0022436685394495726
0.0011716773733496666
0.002609184244647622
0.8148802518844604
0.08384250104427338
0.031093409284949303
0.004100308753550053
0.876224160194397
0.009209726937115192
0.013739360496401787
0.09987989813089371
0.9874314069747925
0.9281896948814392
0.009302139282226562
0.012518149800598621
4.88353289256338e-05
0.04374437779188156
0.006807947531342506
0.00958134327083826
0.015979960560798645
0.6566795110702515
0.008814016357064247
0.09332223981618881
0.01657700166106224
0.81606125831604
0.0005115345120429993
0.009351251646876335
0.004459716845303774
0.015490522608160973
0.003661721246317029
0.00343831954523921
0.0011982352007180452
0.00029594977968372405
0.0078030419535934925
0.024494975805282593
0.9052695631980896
0.6888753175735474
0.01880720816552639
0.00799543410539627
0.0034861648455262184
0.03925031051039696
0.016226503998041153
0.9070701003074646
0.046484071761369705
0.007288356777280569
0.007374745327979326
4.1295759729109704e-05
0.9971018433570862
0.030999861657619476
0.1631549745798111
0.9739248752593994
0.025215301662683487
0.1890448033809662
0.29641109704971313
0.5455314517021179
0.007174038793891668
0.9622090458869934
0.00242502149194479
0.10573170334100723
0.4418170154094696
0.9783847332000732
0.8261408805847168
0.9971657395362854
0.08152056485414505
0.012817931361496449
0.07077866792678833
0.0031842116732150316
0.9686784148216248
0.18389640748500824
0.03236992284655571
0.9859070777893066
0.9889060258865356
0.091375432908535
0.02549842745065689
0.0003737049410119653
0.9829469919204712
0.00013386130740400404
0.9633197784423828
0.74106365442276
0.9486116766929626
0.0059118811041116714
0.012373274192214012
0.020248372107744217
0.020478442311286926
0.0059234076179564
0.006600621622055769
0.0024508261121809483
0.6252622008323669
0.004514733795076609
0.010718084871768951
0.0005595002439804375
0.19340090453624725
0.0018579182215034962
0.001761416089721024
0.0009501716704107821
0.0029310055542737246
0.07170674949884415
0.996274471282959
0.049097705632448196
0.003412113757804036
0.9909123182296753
0.10456718504428864
0.13378818333148956
0.990054726600647
0.017439747229218483
0.004334110300987959
0.3435244560241699
0.9604904055595398
0.9703274369239807
0.9970090985298157
0.02144194208085537
0.9885883331298828
0.7619150280952454
0.009470358490943909
0.002434708643704653
0.9766167998313904
0.00025230192113667727
0.038659725338220596
0.8528574109077454
0.03988562524318695
0.7810056209564209
0.8146492838859558
0.0006951628602109849
0.0043921819888055325
0.7887839674949646
0.06403540074825287
0.9281306266784668
0.05953357368707657
0.9854034781455994
0.06913913041353226
0.014101616106927395
0.8291532397270203
0.8398961424827576
0.8712669610977173
0.008240909315645695
0.9237135052680969
0.011307290755212307
0.008062159642577171
0.06661870330572128
0.9829161167144775
0.9393521547317505
0.004755524918437004
0.9551327228546143
0.12102492153644562
0.9987607002258301
0.018924547359347343
0.9981037378311157
0.0053304629400372505
0.0007413677521981299
0.0018185568042099476
0.0019897616002708673
0.007884028367698193
0.006312560755759478
0.01357047725468874
0.16304928064346313
0.002587903058156371
0.04210725426673889
0.0833536759018898
0.35876232385635376
0.7413690090179443
0.940189778804779
0.877424418926239
0.05945020169019699
0.051324959844350815
0.010437626391649246
0.8973736763000488
0.0018770528258755803
0.9682286381721497
0.9800457954406738
0.00922385323792696
0.026994574815034866
0.02866317518055439
0.0007018278702162206
0.00595718203112483
0.010049616917967796
0.013198275119066238
0.0009412589715793729
0.1089506447315216
0.011322450824081898
0.9893087148666382
0.13349133729934692
8.307107054861262e-05
0.02493722178041935
0.8421503305435181
0.07701527327299118
0.0013990652514621615
0.9757834076881409
0.06683605164289474
0.01925250142812729
0.9924241304397583
7.965538679854944e-05
0.162286639213562
0.992607831954956
0.9144258499145508
0.030060237273573875
0.9725697040557861
0.9847750067710876
0.9613865613937378
0.0010104004759341478
0.005528441164642572
0.15325601398944855
0.05526268854737282
0.9253857731819153
0.5169499516487122
0.9699287414550781
0.8987455368041992
0.0006379216210916638
0.9677987098693848
0.9021185040473938
0.05709237977862358
0.02823992259800434
0.9974562525749207
0.004521133378148079
0.9978694915771484
0.947941780090332
0.43294525146484375
0.009241255931556225
0.03500588610768318
0.012678563594818115
0.9798226952552795
0.001931398524902761
0.9020674824714661
0.5370064377784729
0.022248271852731705
0.01055048406124115
0.9664488434791565
0.057041049003601074
0.001399164437316358
0.04841993749141693
0.12235265970230103
0.9530243277549744
0.18306124210357666
0.1302388310432434
0.8441305160522461
0.958321750164032
0.9998206496238708
0.9025580883026123
0.8686726093292236
0.0006321028340607882
0.036726173013448715
0.00037948277895338833
0.9399899244308472
0.11205975711345673
0.9257127642631531
0.007374693173915148
0.2523645758628845
0.0008673733100295067
0.9701380133628845
0.006331654731184244
0.3098676800727844
0.003670792793855071
0.08796928077936172
0.027153192088007927
0.8972939252853394
0.11445087194442749
0.8937518000602722
0.37086161971092224
0.9978609681129456
0.034163400530815125
0.0009506090427748859
0.0001846962986746803
0.036733612418174744
0.01416973490267992
0.9883137941360474
0.8266720771789551
0.9912715554237366
0.3653653860092163
0.8812586665153503
0.8968281745910645
0.9787071943283081
0.9398781657218933
0.15285028517246246
0.9579858779907227
0.024186011403799057
0.017886687070131302
0.9733180999755859
0.019729001447558403
0.9822959303855896
0.3924414813518524
0.008560103364288807
0.006038849242031574
0.00470530753955245
0.0023492889013141394
0.02410026825964451
0.9482905864715576
0.2769829034805298
0.001141900080256164
0.9920755624771118
0.027902593836188316
0.3886224329471588
0.0016737562837079167
0.0025849274825304747
0.8564462065696716
0.12229258567094803
0.9652953743934631
0.013389692641794682
0.17040430009365082
0.9502363801002502
0.024816738441586494
0.1181962862610817
0.9994562268257141
0.0007958050118759274
0.019582809880375862
0.9490277171134949
0.24411892890930176
0.003921376075595617
0.009349187836050987
0.9877534508705139
0.09854509681463242
0.040329545736312866
0.009066807106137276
0.0005977676482871175
0.7940011024475098
0.012359913438558578
0.0009896617848426104
0.033044762909412384
0.9637921452522278
0.022042619064450264
0.051155537366867065
0.02620081976056099
0.00013414279965218157
0.01689351722598076
0.0014083747519180179
0.001946029020473361
0.10530810058116913
0.09695103764533997
0.9941682815551758
0.0076233744621276855
0.04349705949425697
0.0069416421465575695
0.9354139566421509
0.0007732040248811245
0.07768061757087708
0.0018627323443070054
0.36204174160957336
0.525126576423645
0.15648505091667175
0.023233504965901375
0.9806267619132996
0.007937701418995857
0.9854754209518433
0.004580345004796982
0.004828704055398703
0.058453138917684555
0.0002682067861314863
0.006729335058480501
0.96708083152771
0.8691740036010742
0.04115653038024902
0.005824820138514042
0.05566684529185295
0.0010076598264276981
0.009510745294392109
0.019970247521996498
0.004974581301212311
0.06932138651609421
0.004004041664302349
0.978685736656189
0.04081731289625168
0.006004839204251766
0.0023638096172362566
0.009887726977467537
0.06659945845603943
0.02021125890314579
0.03254794701933861
0.0185870211571455
0.03654586896300316
0.0019525226671248674
0.9781703352928162
0.42591574788093567
0.9765819907188416
0.003970155492424965
0.5592246055603027
0.005640437360852957
0.9550721645355225
0.8756917119026184
0.029499774798750877
0.00015973119297996163
0.10753575712442398
0.11622932553291321
0.9625337719917297
0.009676598012447357
0.9659966826438904
0.9628430008888245
6.0021884564775974e-05
0.0008651245152577758
0.004024352878332138
0.07112634181976318
0.7315041422843933
0.1838451325893402
0.016452835872769356
0.1480855643749237
0.9554864168167114
0.1663445085287094
0.9698357582092285
0.014064691960811615
0.00027291386504657567
0.0028591251466423273
0.029207095503807068
0.021380463615059853
0.2099166363477707
0.14289523661136627
0.8971737623214722
0.9691810607910156
0.834233820438385
0.06863727420568466
0.923069953918457
0.02277546189725399
0.07778385281562805
0.0028355049435049295
0.0017466072458773851
0.2269122451543808
0.061170291155576706
0.9974763989448547
0.000867965689394623
0.1598179042339325
0.9241644144058228
0.004856216721236706
0.012574708089232445
0.09928115457296371
0.001107409712858498
0.000910404312890023
0.008681736886501312
0.8872113227844238
0.03597264736890793
0.04288991913199425
0.9418729543685913
0.8277426362037659
0.06060697138309479
0.9976550340652466
0.5594349503517151
0.06494820863008499
0.0008553246152587235
0.9682855010032654
0.9305036664009094
0.9968000650405884
0.9933854937553406
0.11091828346252441
0.014342637732625008
0.9429373145103455
0.05919615179300308
0.004114856477826834
0.7267269492149353
0.83696448802948
0.7144784331321716
0.9978023171424866
0.09589076042175293
0.029990963637828827
0.0008049568277783692
0.002356169978156686
0.005179162137210369
0.11830946803092957
0.01052754558622837
0.004423805978149176
0.9191488027572632
0.12434051185846329
0.04579842835664749
0.11033257842063904
0.8596134781837463
0.02233906462788582
0.0014395453035831451
0.9213073253631592
0.9888646602630615
0.005826880689710379
0.006160770542919636
0.011764945462346077
0.013261346146464348
0.025815995410084724
0.06697940826416016
0.14589114487171173
0.01571156084537506
0.6427227258682251
0.9693968892097473
0.0027285392861813307
0.25479230284690857
0.00660285446792841
0.007515936158597469
0.9001253843307495
0.18631961941719055
0.005887059960514307
0.9417052865028381
0.9948269724845886
0.0769772157073021
0.6132484674453735
0.015570361167192459
0.9936688542366028
0.03789976239204407
0.9585736989974976
0.9955267310142517
0.925359308719635
0.00833133701235056
0.10367770493030548
0.03072432614862919
0.9344675540924072
0.977436900138855
0.9735103249549866
0.04501258209347725
0.09172982722520828
0.9984506368637085
0.730681300163269
0.9994275569915771
0.02397388219833374
0.00038854641024954617
0.002353979740291834
0.974107563495636
0.8694002032279968
0.3891282081604004
0.00022687847376801074
0.9945607781410217
0.007611969020217657
0.9835385084152222
0.010857964865863323
0.021420741453766823
0.908819854259491
0.0731898695230484
0.9946181178092957
0.9251990914344788
0.8955093026161194
0.9420973062515259
0.0047439164482057095
0.0658007487654686
0.7055493593215942
0.9979008436203003
0.040708158165216446
0.9854227304458618
0.1383366882801056
0.03614971041679382
0.0006141496123746037
0.5177196860313416
0.865489661693573
0.9897764921188354
0.9824932813644409
0.9863049983978271
0.00012173268623882905
0.03458261862397194
0.8834620118141174
0.9096073508262634
0.0006667255074717104
0.004507582169026136
0.0025121134240180254
0.908545732498169
0.03735935315489769
0.18107961118221283
0.18670347332954407
0.004310069140046835
0.007908809930086136
0.3341906666755676
0.008949870243668556
0.001920269918628037
0.2851857542991638
0.055806130170822144
0.9813405275344849
0.0055065155029296875
0.9883270859718323
0.007243996486067772
0.007323735393583775
0.05291670933365822
0.02368846721947193
0.056504663079977036
0.2546892464160919
0.03615820035338402
0.014608632773160934
0.9566595554351807
0.9974946975708008
0.9973516464233398
0.8865331411361694
0.0004463793884497136
0.0008419680525548756
0.004587527364492416
0.9804507493972778
0.012450773268938065
0.0541858971118927
0.017913535237312317
0.08357158303260803
0.8040168285369873
0.98698890209198
0.9937654733657837
0.9057261347770691
0.9642699956893921
0.9499199390411377
0.9979336261749268
0.9588488340377808
0.030114464461803436
0.0012467222986742854
0.2201465368270874
0.0022311490029096603
0.006474108900874853
0.9209461808204651
0.16043144464492798
0.9050588607788086
0.9348011016845703
0.854367196559906
0.0036417904775589705
0.00243518128991127
0.9647724628448486
0.004437905270606279
0.9251580834388733
0.8845345377922058
0.9980986714363098
0.0026152681093662977
0.836839497089386
0.022464552894234657
0.11290178447961807
0.0013957407791167498
0.025000153109431267
0.9776827692985535
0.9896873831748962
0.1907263845205307
0.21472696959972382
0.891471266746521
0.816367506980896
0.05872058868408203
0.010339491069316864
0.8948614001274109
0.005925864912569523
0.006924753542989492
0.959595263004303
0.8586389422416687
0.9587210416793823
0.9854204058647156
0.045800741761922836
0.993390679359436
0.14417964220046997
0.949855625629425
0.09793299436569214
0.0537874810397625
0.008620966225862503
0.00100895285140723
0.00518609257414937
0.968958854675293
0.8951548337936401
0.01143992692232132
0.004515068139880896
0.8958030343055725
0.9437174201011658
0.993225634098053
0.035833440721035004
0.9996044039726257
0.0038641472347080708
0.04740672558546066
0.02837093360722065
0.04488874971866608
0.012413001619279385
0.013301989994943142
0.6067321300506592
0.9291443824768066
0.9883412718772888
0.7436115741729736
0.001280955271795392
0.0017162378644570708
0.27130019664764404
0.0034660031087696552
0.9913411736488342
0.2510882616043091
0.9968339800834656
0.0001778829755494371
0.016719967126846313
0.6084763407707214
0.9761952757835388
0.9481590986251831
0.9936355352401733
0.0008394934702664614
0.00024136347929015756
0.6493924856185913
0.9274897575378418
0.042555443942546844
0.09582918137311935
0.010816596448421478
0.0030248453840613365
0.1062203198671341
0.25324180722236633
0.004205247852951288
0.040229637175798416
0.00040986997191794217
0.8434088230133057
0.9427849054336548
0.04063202813267708
0.03594156354665756
0.9725760817527771
0.018920771777629852
0.4292353391647339
0.08768323063850403
0.955162763595581
0.016326935961842537
0.003925533499568701
0.9098954200744629
0.8108769655227661
0.01377256028354168
0.7041451334953308
0.05748942866921425
0.00040188388084061444
0.9542658925056458
0.18240849673748016
0.6591602563858032
0.0009397173416800797
0.0040197414346039295
0.9992315769195557
0.9700325727462769
0.8399106860160828
0.9835392236709595
0.015411877073347569
0.9877903461456299
0.8402732014656067
0.09345807880163193
0.03749263286590576
0.07022662460803986
0.1423019915819168
0.004097278229892254
0.026566358283162117
0.2043200433254242
0.9981381893157959
0.9936310648918152
0.7935953736305237
0.04027775302529335
0.02152937464416027
0.09525788575410843
0.9250363707542419
0.9669723510742188
0.9667401313781738
0.33955880999565125
0.9235477447509766
0.004475032910704613
0.8889819383621216
0.019355718046426773
0.05205298960208893
0.00032908900175243616
0.02732394076883793
0.017236443236470222
0.5935046672821045
0.0004555184568744153
0.07019978016614914
0.15887103974819183
0.004163038916885853
0.4175960123538971
0.18822067975997925
0.002835611579939723
0.9808416366577148
0.13035781681537628
0.13184139132499695
9.624107769923285e-05
0.09062407910823822
0.9673212766647339
0.9592582583427429
0.42194145917892456
0.790712296962738
0.9990596175193787
0.9744681715965271
0.013522941619157791
0.09349747747182846
0.9776133894920349
0.17026463150978088
0.0342765711247921
0.00028293655486777425
0.9910392165184021
0.0252701286226511
0.0032264108303934336
0.9455520510673523
0.022382313385605812
0.8890761137008667
0.08667950332164764
0.03411541134119034
0.9470376968383789
0.8964062929153442
0.007832976058125496
0.0011877680663019419
0.9823622107505798
0.987786054611206
0.09005492925643921
0.002904023276641965
0.987553596496582
0.8101882934570312
0.9309923648834229
0.00029058498330414295
0.9328550696372986
0.0028277994133532047
0.37975648045539856
0.9753265380859375
0.868050754070282
0.9086740612983704
0.0022014554124325514
0.011745834723114967
0.8636260628700256
0.9441920518875122
0.8171866536140442
0.979480504989624
0.8595694899559021
0.8720630407333374
0.07624470442533493
0.024891691282391548
0.009951506741344929
0.15673863887786865
0.9926244616508484
0.9481231570243835
0.8577594757080078
0.9798344969749451
0.8564643859863281
0.0035538410302251577
0.8456505537033081
0.11636240035295486
0.9932209253311157
0.0006233565509319305
0.27276375889778137
0.9732223153114319
0.9940343499183655
0.01098792627453804
0.8322561979293823
0.017321152612566948
0.8727841973304749
0.8717698454856873
0.018044207245111465
0.9523122310638428
0.9033999443054199
0.0100955655798316
0.6531702280044556
0.003859051736071706
0.9106224179267883
0.9502399563789368
0.9958122372627258
0.015319972299039364
0.0791383609175682
0.9997100234031677
0.04035614803433418
0.9534012675285339
0.0051826718263328075
0.01619633659720421
0.1304827332496643
0.14181610941886902
0.004456726834177971
0.006061439402401447
0.041795190423727036
0.9339419603347778
0.9062061309814453
0.07716503739356995
0.011034870520234108
0.0031855395063757896
0.8157048225402832
0.20800064504146576
0.07523825764656067
0.9640275239944458
0.8720757961273193
0.3513932228088379
0.001236223615705967
0.04438379779458046
0.026417719200253487
0.009263920597732067
0.006059339735656977
0.9992584586143494
0.10946863889694214
0.399920254945755
0.047865353524684906
0.001532228896394372
0.9488765001296997
0.16996155679225922
0.0442754290997982
0.016631323844194412
0.8566117882728577
0.17645159363746643
0.004252242390066385
0.19590450823307037
0.011154990643262863
0.22683797776699066
0.07606860995292664
0.437121719121933
0.00047533365432173014
0.8733812570571899
0.30752429366111755
0.9741352796554565
0.872532069683075
0.23916374146938324
0.054829683154821396
0.12424139678478241
0.220187708735466
0.0012313014594838023
0.0036005035508424044
0.9436941742897034
0.005155625287443399
0.9666484594345093
0.9985877275466919
0.09076188504695892
0.8261862993240356
0.9723051190376282
0.061532583087682724
0.8684723973274231
0.10928676277399063
0.17021693289279938
0.0038287914358079433
0.8800986409187317
0.9646514654159546
0.9688066244125366
0.12615805864334106
0.9996024966239929
0.032275326550006866
0.16392843425273895
0.0068249888718128204
0.05068636313080788
0.0182801466435194
0.0011282003251835704
0.8136867880821228
0.9973042011260986
0.8605607151985168
0.004224685020744801
0.07921590656042099
0.12389571219682693
0.012341097928583622
0.11314871907234192
0.7787561416625977
0.9889416098594666
0.3839542865753174
0.04204679653048515
0.003990179859101772
0.1965155154466629
0.2827700078487396
0.001872651046141982
0.9311222434043884
0.955588161945343
0.8928441405296326
0.07436985522508621
0.01052263006567955
0.7448245882987976
0.9810365438461304
0.9967509508132935
0.17373400926589966
0.008673561736941338
0.01610078290104866
0.007290343753993511
0.4117348790168762
0.011445580050349236
0.9185885190963745
0.8756709694862366
0.7535819411277771
0.012510553933680058
0.9466601014137268
0.01975407265126705
0.9257563948631287
0.010605094954371452
0.1234649270772934
0.07955949008464813
0.5043862462043762
0.9071522355079651
0.932144284248352
0.028448352590203285
0.09461876004934311
0.9078648686408997
0.9859066009521484
0.820966362953186
0.12961339950561523
0.07243456691503525
0.7121334075927734
0.012580713257193565
0.6701432466506958
0.126668781042099
0.003696024650707841
0.18768900632858276
0.9773563146591187
0.0011877227807417512
0.8828718066215515
0.9567753076553345
0.9852655529975891
0.8660566210746765
0.9004579782485962
0.7876039147377014
0.2446281611919403
0.005637407768517733
0.9520718455314636
0.9931353330612183
0.9327406883239746
0.15176042914390564
0.07759823650121689
0.017785370349884033
0.9424401521682739
0.0002834960469044745
0.002269294811412692
0.0086807981133461
0.005147677846252918
0.7759166359901428
0.9481312036514282
0.9847805500030518
0.9866833090782166
0.021102160215377808
0.029384108260273933
0.9700613021850586
0.01640658639371395
0.8409961462020874
0.245768740773201
0.013705776073038578
0.991931140422821
0.013562634587287903
0.9949238896369934
0.015271106734871864
0.012491511180996895
0.06349025666713715
0.25758352875709534
0.8380250930786133
0.014313014224171638
0.9930014610290527
0.2594752311706543
0.8600224256515503
0.9037865400314331
0.9836143255233765
0.9765932559967041
0.9916778802871704
0.9986792206764221
0.03416543826460838
0.9959903359413147
0.87786865234375
0.8419675827026367
0.9429874420166016
0.2646638751029968
0.09344165772199631
0.019836168736219406
0.5368541479110718
0.9577099084854126
0.7569470405578613
0.9587020874023438
0.05163872614502907
0.6443702578544617
0.057555269449949265
0.0025947035755962133
0.0025348870549350977
0.15588416159152985
0.029008258134126663
0.9501966834068298
0.6534522175788879
0.005880273878574371
0.126371368765831
0.00272193131968379
0.009057044982910156
0.9894722104072571
0.9181219935417175
0.014281390234827995
0.9874157309532166
0.0033024977892637253
0.09381851553916931
0.07040637731552124
0.2073032408952713
0.003480182960629463
0.016991090029478073
0.0005178760620765388
0.5397756695747375
0.1656242161989212
0.05099113658070564
0.6231281161308289
0.9418558478355408
0.8927302956581116
0.001292010536417365
0.0019317212281748652
0.9141311049461365
0.4900025725364685
0.9302191138267517
0.9723352193832397
0.04389610141515732
0.027619849890470505
0.08969305455684662
0.9267784357070923
0.03931526467204094
0.01185222715139389
0.999616265296936
0.6215150952339172
0.07360374927520752
0.13625407218933105
0.7660863399505615
0.9898408055305481
0.0076638576574623585
0.9243261218070984
0.9939268231391907
0.9917776584625244
0.897387683391571
0.9970788955688477
0.9971363544464111
0.9199238419532776
0.9266456365585327
0.19634974002838135
0.9974326491355896
0.010213974863290787
0.023908719420433044
0.9381168484687805
0.9888795614242554
0.9909753203392029
0.9849167466163635
0.03814949095249176
0.8312857151031494
0.29351380467414856
0.021335039287805557
0.017209865152835846
0.9989124536514282
0.02844637632369995
0.030099160969257355
0.0005455204518511891
0.18823549151420593
0.8383743166923523
0.959408700466156
0.006898168474435806
0.0007468523108400404
0.9748741984367371
0.13755451142787933
0.9946860074996948
0.9939660429954529
0.9727847576141357
0.7852295637130737
0.9927071928977966
0.9871729612350464
0.012265399098396301
0.21404603123664856
0.006958805024623871
0.913152813911438
0.176071435213089
0.0016991315642371774
0.9919986128807068
2.9633210942847654e-05
0.0387205109000206
0.3005397319793701
0.8326525688171387
0.9632400274276733
0.03405549004673958
0.9985882639884949
0.8375070691108704
0.42497703433036804
0.0011444003321230412
0.6250194311141968
0.008760948665440083
0.8699674606323242
0.8105087876319885
0.03091505914926529
0.9975505471229553
0.0040778592228889465
0.0918312817811966
0.005567207932472229
0.24849127233028412
0.03148293122649193
0.016533542424440384
0.014258411712944508
0.25593671202659607
0.006040340755134821
0.3735552728176117
0.11932379752397537
0.9362585544586182
0.025207022204995155
0.9222316741943359
0.996148943901062
0.793118417263031
0.8352999091148376
0.09467357397079468
0.9765108227729797
0.05947193130850792
0.8636434674263
0.9555572867393494
0.959062933921814
0.9840424656867981
0.981641411781311
0.6551217436790466
0.04225891828536987
0.6587328910827637
0.9297749400138855
0.9928996562957764
0.06691842526197433
0.8566245436668396
0.9907982349395752
0.9404699206352234
0.9830482006072998
0.006174715701490641
0.7732590436935425
0.06349734961986542
0.9907644987106323
0.9547584652900696
0.8800997138023376
0.0009393046493642032
0.031699035316705704
0.38942524790763855
0.003793095238506794
0.8739011883735657
0.9770836234092712
0.9061959385871887
0.15521560609340668
0.157457172870636
0.01981150358915329
0.9922925233840942
0.1573653221130371
0.004025422967970371
0.00019831709505524486
0.8422635197639465
0.8520480394363403
0.03254129737615585
0.8180538415908813
0.005080829840153456
0.00036592528340406716
0.7508273720741272
0.9069467186927795
0.6310293078422546
0.16217924654483795
0.9508234858512878
0.024315297603607178
0.8899902701377869
0.020485498011112213
0.9733206629753113
0.9814797043800354
0.009060044772922993
0.11821673065423965
0.05653863400220871
0.05265576392412186
0.02165311574935913
0.2318113148212433
0.04001779854297638
0.9447683691978455
0.9715631008148193
0.9878482818603516
0.9177703261375427
0.027743857353925705
0.5377261638641357
0.8846294283866882
0.9361035227775574
0.08721642196178436
0.022603387013077736
0.050446994602680206
0.9618951678276062
0.02404015138745308
0.725176215171814
0.11901957541704178
0.9409955143928528
0.8907315731048584
0.04375668615102768
0.8420904874801636
0.9945999383926392
0.8675559759140015
0.9949430823326111
0.09338051825761795
0.0011947164312005043
0.8982444405555725
0.9801735877990723
0.9681397080421448
0.9413225054740906
0.9807832837104797
0.009590759873390198
0.49760469794273376
0.977482795715332
0.9946883916854858
0.883680522441864
0.06514749675989151
0.016284281387925148
0.0002822315145749599
0.9798714518547058
0.9178935289382935
0.24373199045658112
0.01656734198331833
0.08163513243198395
0.9743066430091858
0.002579848747700453
0.0522039532661438
0.05323163792490959
0.9972639083862305
0.11181460320949554
0.0022095481399446726
0.9897357225418091
0.7804979681968689
0.2824949324131012
0.1641894429922104
0.9944562315940857
0.005964782554656267
0.9916449189186096
0.1501116007566452
0.9938761591911316
0.007127854041755199
0.8130599856376648
0.9043003916740417
0.7808277606964111
0.03740459308028221
0.9994421601295471
0.002943366765975952
0.13871026039123535
0.427593857049942
0.09021943062543869
0.9352548122406006
0.0009053339017555118
0.22825872898101807
0.9877402186393738
0.9286454916000366
0.9529659748077393
0.9779625535011292
0.00138759589754045
0.26516443490982056
0.9958574175834656
0.8730349540710449
0.9845825433731079
0.062031090259552
0.8672975897789001
0.016024215146899223
0.907702624797821
0.8456779718399048
0.024061227217316628
0.9969481825828552
0.7341803312301636
0.9264892935752869
0.9647625088691711
0.837054431438446
0.9526053071022034
0.6690414547920227
0.9486411809921265
0.97344571352005
0.9397132992744446
0.34923794865608215
0.9266645908355713
0.015115863643586636
0.9898968935012817
0.1282626986503601
0.6250584125518799
0.9673722386360168
0.09480820596218109
0.7299240231513977
0.2237367182970047
0.9928563833236694
0.00038133462658151984
0.010045666247606277
0.9829598665237427
0.8872498273849487
0.23079261183738708
0.8658761978149414
0.01883792318403721
0.7989359498023987
0.05852299928665161
0.9990658164024353
0.10778865218162537
0.9983763694763184
0.04135151952505112
0.037619512528181076
0.9693817496299744
0.9904093742370605
0.917661190032959
0.05465057119727135
0.019293129444122314
0.19442400336265564
0.0004542624519672245
0.041228312999010086
0.8836340308189392
0.22942900657653809
0.9781349897384644
0.9800043702125549
0.9500624537467957
0.09506946802139282
0.9388699531555176
0.016558362171053886
0.7884469032287598
0.9214017987251282
0.7615125775337219
0.8250851631164551
0.9796608686447144
0.02674807235598564
0.9476855993270874
0.9618343114852905
0.9630115628242493
0.0031830796506255865
0.9877360463142395
0.014665467664599419
0.36476922035217285
0.9499613642692566
0.004934635944664478
0.0013194071361795068
0.021792056038975716
0.00462076161056757
0.0007730931392870843
0.9840424060821533
0.9545318484306335
0.9742448925971985
0.09988069534301758
0.05232420936226845
0.9755377173423767
0.021337399259209633
0.9944236874580383
0.018532535061240196
0.9298481941223145
0.9743103981018066
0.9679363965988159
0.4086821377277374
0.012006287463009357
0.9309044480323792
0.017515530809760094
0.947820246219635
0.05441528931260109
0.07560598105192184
0.019013384357094765
0.9768909811973572
0.16493253409862518
0.90427166223526
0.964314877986908
0.9988871216773987
0.8469709753990173
0.9975168704986572
0.009263811632990837
0.8277512192726135
0.9283493161201477
0.993499755859375
0.938403844833374
0.8991804122924805
0.9991532564163208
0.8931808471679688
0.9856897592544556
0.13276776671409607
0.07109780609607697
0.7177439332008362
0.9714958071708679
0.9681015610694885
0.014626971445977688
0.9788134098052979
0.5209628343582153
0.016255920752882957
0.9573969841003418
0.9351430535316467
0.9512616991996765
0.03833454102277756
0.13751111924648285
0.7978734970092773
0.9555596709251404
0.9755607843399048
0.9673535823822021
0.9928188920021057
0.1275879144668579
0.83066725730896
0.9954370856285095
0.9433872699737549
0.1634594202041626
0.5770168304443359
0.9836617112159729
0.014035996980965137
0.16791096329689026
0.01966715417802334
0.994460940361023
0.9916902780532837
0.9913181066513062
0.9703447222709656
0.952107310295105
0.9930425882339478
0.8759981393814087
0.03206140175461769
0.0022709353361278772
0.006793451029807329
0.9700514078140259
0.992935836315155
0.971899688243866
0.9241868853569031
0.004942771978676319
0.6064103841781616
0.998974084854126
0.07663989067077637
0.9917803406715393
0.8632184267044067
0.1366473287343979
0.9929897785186768
0.9015540480613708
0.007385329809039831
0.017987815663218498
0.0513312853872776
0.03229402378201485
0.8790188431739807
0.9989637136459351
0.03488542139530182
0.005303980316966772
0.9836316108703613
0.9991180300712585
0.00113950134254992
0.10122081637382507
0.6134344339370728
0.8387940526008606
0.00012081093154847622
0.4980590343475342
0.01671266369521618
0.950057864189148
0.991226851940155
0.8940587639808655
0.006360454019159079
0.9967942833900452
0.9938690066337585
0.9383948445320129
0.006605460308492184
0.4029126763343811
0.023930983617901802
0.0012252359883859754
0.9833906888961792
0.15482060611248016
0.022490516304969788
0.9815443754196167
0.9910004734992981
0.9639880061149597
0.5618186593055725
0.10818490386009216
0.9932346940040588
0.899487316608429
0.8536956310272217
0.02867788076400757
0.20792415738105774
0.9956032037734985
0.9746600985527039
0.07182734459638596
0.9982574582099915
0.9674443006515503
0.972793698310852
0.9425041079521179
0.9819381237030029
0.012010201811790466
0.8721053004264832
0.6789482831954956
0.9589011073112488
0.9630969166755676
0.9960042834281921
0.9950450658798218
0.8500217795372009
0.9782781600952148
0.9787113070487976
0.955204427242279
0.9976893663406372
0.9979793429374695
0.9867968559265137
0.03776552155613899
0.7725982069969177
0.9450767636299133
0.0044411527924239635
0.9990646243095398
0.9957834482192993
0.9971440434455872
0.2967382073402405
0.1784641593694687
0.0002771512372419238
0.9177475571632385
0.9005987048149109
0.528002917766571
0.8139781951904297
0.002108232816681266
0.07479668408632278
0.9944214224815369
0.024533601477742195
0.8873931169509888
0.10428759455680847
0.9925002455711365
0.2334817796945572
0.09272949397563934
0.874889612197876
0.3103230893611908
0.12098697572946548
0.9796343445777893
0.01823865808546543
0.9788579344749451
0.8743956089019775
0.717893660068512
0.1742333024740219
0.001663018367253244
0.020811066031455994
0.9579111337661743
0.39722880721092224
0.012664884328842163
0.9435335993766785
0.230580672621727
0.9742172956466675
0.9830721616744995
0.04962954297661781
0.4205995798110962
0.1035841777920723
0.024688346311450005
0.9513669610023499
0.9614999294281006
0.9967701435089111
0.9962672591209412
0.7255470156669617
0.09145762771368027
0.018584148958325386
0.9479783177375793
0.9776654243469238
0.9335421323776245
0.16116444766521454
0.9671751260757446
0.04082592949271202
0.9901286959648132
0.991381824016571
0.970316469669342
0.919023334980011
0.28526735305786133
0.03696330264210701
0.998706579208374
0.22439628839492798
0.0063659315928816795
0.8885396718978882
0.9278524518013
0.9132030010223389
0.04457293450832367
0.10490874201059341
0.9650459885597229
0.1850726455450058
0.9110709428787231
0.9647473096847534
0.9388378262519836
0.8561406135559082
0.5128533244132996
0.01898624189198017
0.001362715382128954
0.7620895504951477
0.9957440495491028
0.1473020762205124
0.09830651432275772
0.09435449540615082
0.14043952524662018
0.9726116061210632
0.015254824422299862
0.11140834540128708
0.9158759117126465
0.9927191734313965
0.13595305383205414
0.00034247461007907987
0.8466303944587708
0.8951706290245056
0.9189804792404175
0.9620847105979919
0.9882708191871643
0.1698538064956665
0.96662437915802
0.8938102126121521
0.9816400408744812
0.4072641134262085
0.005699007771909237
0.979627251625061
0.1172848716378212
0.9989532232284546
0.9920291900634766
0.9943759441375732
0.9554139375686646
0.9746695160865784
